[0.751s] DEBUG:colcon:Command line arguments: ['/usr/bin/colcon', 'build', '--symlink-install']
[0.751s] DEBUG:colcon:Parsed command line arguments: Namespace(allow_overriding=[], ament_cmake_args=None, base_paths=['.'], build_base='build', catkin_cmake_args=None, catkin_skip_building_tests=False, cmake_args=None, cmake_clean_cache=False, cmake_clean_first=False, cmake_force_configure=False, cmake_target=None, cmake_target_skip_unavailable=False, continue_on_error=False, event_handlers=None, executor='parallel', ignore_user_meta=False, install_base='install', log_base=None, log_level=None, main=<bound method BuildVerb.main of <colcon_core.verb.build.BuildVerb object at 0xffff968917f0>>, merge_install=False, metas=['./colcon.meta'], packages_above=None, packages_above_and_dependencies=None, packages_above_depth=None, packages_end=None, packages_ignore=None, packages_ignore_regex=None, packages_select=None, packages_select_build_failed=False, packages_select_by_dep=None, packages_select_regex=None, packages_select_test_failures=False, packages_skip=None, packages_skip_build_finished=False, packages_skip_by_dep=None, packages_skip_regex=None, packages_skip_test_passed=False, packages_skip_up_to=None, packages_start=None, packages_up_to=None, packages_up_to_regex=None, parallel_workers=6, paths=None, symlink_install=True, test_result_base=None, verb_extension=<colcon_core.verb.build.BuildVerb object at 0xffff968917f0>, verb_name='build', verb_parser=<colcon_defaults.argument_parser.defaults.DefaultArgumentsDecorator object at 0xffff96891d60>)
[0.804s] Level 1:colcon.colcon_core.package_discovery:discover_packages(colcon_meta) check parameters
[0.805s] Level 1:colcon.colcon_core.package_discovery:discover_packages(recursive) check parameters
[0.805s] Level 1:colcon.colcon_core.package_discovery:discover_packages(ignore) check parameters
[0.805s] Level 1:colcon.colcon_core.package_discovery:discover_packages(path) check parameters
[0.805s] Level 1:colcon.colcon_core.package_discovery:discover_packages(colcon_meta) discover
[0.805s] Level 1:colcon.colcon_core.package_discovery:discover_packages(recursive) discover
[0.805s] INFO:colcon.colcon_core.package_discovery:Crawling recursively for packages in '/home/orinnano004/ros2wk1'
[0.805s] Level 1:colcon.colcon_core.package_identification:_identify(.) by extensions ['ignore', 'ignore_ament_install']
[0.806s] Level 1:colcon.colcon_core.package_identification:_identify(.) by extension 'ignore'
[0.806s] Level 1:colcon.colcon_core.package_identification:_identify(.) by extension 'ignore_ament_install'
[0.806s] Level 1:colcon.colcon_core.package_identification:_identify(.) by extensions ['colcon_pkg']
[0.806s] Level 1:colcon.colcon_core.package_identification:_identify(.) by extension 'colcon_pkg'
[0.806s] Level 1:colcon.colcon_core.package_identification:_identify(.) by extensions ['colcon_meta']
[0.806s] Level 1:colcon.colcon_core.package_identification:_identify(.) by extension 'colcon_meta'
[0.806s] Level 1:colcon.colcon_core.package_identification:_identify(.) by extensions ['ros']
[0.806s] Level 1:colcon.colcon_core.package_identification:_identify(.) by extension 'ros'
[0.851s] Level 1:colcon.colcon_core.package_identification:_identify(.) by extensions ['cmake', 'python']
[0.852s] Level 1:colcon.colcon_core.package_identification:_identify(.) by extension 'cmake'
[0.852s] Level 1:colcon.colcon_core.package_identification:_identify(.) by extension 'python'
[0.852s] Level 1:colcon.colcon_core.package_identification:_identify(.) by extensions ['python_setup_py']
[0.852s] Level 1:colcon.colcon_core.package_identification:_identify(.) by extension 'python_setup_py'
[0.852s] Level 1:colcon.colcon_core.package_identification:_identify(YDLidar-SDK) by extensions ['ignore', 'ignore_ament_install']
[0.853s] Level 1:colcon.colcon_core.package_identification:_identify(YDLidar-SDK) by extension 'ignore'
[0.853s] Level 1:colcon.colcon_core.package_identification:_identify(YDLidar-SDK) by extension 'ignore_ament_install'
[0.853s] Level 1:colcon.colcon_core.package_identification:_identify(YDLidar-SDK) by extensions ['colcon_pkg']
[0.853s] Level 1:colcon.colcon_core.package_identification:_identify(YDLidar-SDK) by extension 'colcon_pkg'
[0.853s] Level 1:colcon.colcon_core.package_identification:_identify(YDLidar-SDK) by extensions ['colcon_meta']
[0.853s] Level 1:colcon.colcon_core.package_identification:_identify(YDLidar-SDK) by extension 'colcon_meta'
[0.853s] Level 1:colcon.colcon_core.package_identification:_identify(YDLidar-SDK) by extensions ['ros']
[0.853s] Level 1:colcon.colcon_core.package_identification:_identify(YDLidar-SDK) by extension 'ros'
[0.854s] Level 1:colcon.colcon_core.package_identification:_identify(YDLidar-SDK) by extensions ['cmake', 'python']
[0.854s] Level 1:colcon.colcon_core.package_identification:_identify(YDLidar-SDK) by extension 'cmake'
[0.890s] Level 1:colcon.colcon_core.package_identification:_identify(YDLidar-SDK) by extension 'python'
[0.890s] DEBUG:colcon.colcon_core.package_identification:Package 'YDLidar-SDK' with type 'cmake' and name 'ydlidar_sdk'
[0.891s] Level 1:colcon.colcon_core.package_identification:_identify(build) by extensions ['ignore', 'ignore_ament_install']
[0.891s] Level 1:colcon.colcon_core.package_identification:_identify(build) by extension 'ignore'
[0.891s] Level 1:colcon.colcon_core.package_identification:_identify(build) ignored
[0.891s] Level 1:colcon.colcon_core.package_identification:_identify(install) by extensions ['ignore', 'ignore_ament_install']
[0.891s] Level 1:colcon.colcon_core.package_identification:_identify(install) by extension 'ignore'
[0.891s] Level 1:colcon.colcon_core.package_identification:_identify(install) ignored
[0.892s] Level 1:colcon.colcon_core.package_identification:_identify(log) by extensions ['ignore', 'ignore_ament_install']
[0.892s] Level 1:colcon.colcon_core.package_identification:_identify(log) by extension 'ignore'
[0.892s] Level 1:colcon.colcon_core.package_identification:_identify(log) ignored
[0.892s] Level 1:colcon.colcon_core.package_identification:_identify(ydlidar_ros2_driver) by extensions ['ignore', 'ignore_ament_install']
[0.892s] Level 1:colcon.colcon_core.package_identification:_identify(ydlidar_ros2_driver) by extension 'ignore'
[0.892s] Level 1:colcon.colcon_core.package_identification:_identify(ydlidar_ros2_driver) by extension 'ignore_ament_install'
[0.892s] Level 1:colcon.colcon_core.package_identification:_identify(ydlidar_ros2_driver) by extensions ['colcon_pkg']
[0.893s] Level 1:colcon.colcon_core.package_identification:_identify(ydlidar_ros2_driver) by extension 'colcon_pkg'
[0.893s] Level 1:colcon.colcon_core.package_identification:_identify(ydlidar_ros2_driver) by extensions ['colcon_meta']
[0.893s] Level 1:colcon.colcon_core.package_identification:_identify(ydlidar_ros2_driver) by extension 'colcon_meta'
[0.893s] Level 1:colcon.colcon_core.package_identification:_identify(ydlidar_ros2_driver) by extensions ['ros']
[0.893s] Level 1:colcon.colcon_core.package_identification:_identify(ydlidar_ros2_driver) by extension 'ros'
[0.898s] DEBUG:colcon.colcon_core.package_identification:Package 'ydlidar_ros2_driver' with type 'ros.ament_cmake' and name 'ydlidar_ros2_driver'
[0.898s] Level 1:colcon.colcon_core.package_discovery:discover_packages(recursive) using defaults
[0.898s] Level 1:colcon.colcon_core.package_discovery:discover_packages(ignore) discover
[0.898s] Level 1:colcon.colcon_core.package_discovery:discover_packages(ignore) using defaults
[0.898s] Level 1:colcon.colcon_core.package_discovery:discover_packages(path) discover
[0.898s] Level 1:colcon.colcon_core.package_discovery:discover_packages(path) using defaults
[0.939s] Level 1:colcon.colcon_core.package_discovery:discover_packages(prefix_path) check parameters
[0.939s] Level 1:colcon.colcon_core.package_discovery:discover_packages(prefix_path) discover
[0.945s] DEBUG:colcon.colcon_installed_package_information.package_discovery:Found 256 installed packages in /opt/ros/foxy
[0.948s] Level 1:colcon.colcon_core.package_discovery:discover_packages(prefix_path) using defaults
[1.079s] Level 5:colcon.colcon_core.verb:set package 'ydlidar_ros2_driver' build argument 'cmake_args' from command line to 'None'
[1.079s] Level 5:colcon.colcon_core.verb:set package 'ydlidar_ros2_driver' build argument 'cmake_target' from command line to 'None'
[1.079s] Level 5:colcon.colcon_core.verb:set package 'ydlidar_ros2_driver' build argument 'cmake_target_skip_unavailable' from command line to 'False'
[1.079s] Level 5:colcon.colcon_core.verb:set package 'ydlidar_ros2_driver' build argument 'cmake_clean_cache' from command line to 'False'
[1.079s] Level 5:colcon.colcon_core.verb:set package 'ydlidar_ros2_driver' build argument 'cmake_clean_first' from command line to 'False'
[1.079s] Level 5:colcon.colcon_core.verb:set package 'ydlidar_ros2_driver' build argument 'cmake_force_configure' from command line to 'False'
[1.079s] Level 5:colcon.colcon_core.verb:set package 'ydlidar_ros2_driver' build argument 'ament_cmake_args' from command line to 'None'
[1.080s] Level 5:colcon.colcon_core.verb:set package 'ydlidar_ros2_driver' build argument 'catkin_cmake_args' from command line to 'None'
[1.080s] Level 5:colcon.colcon_core.verb:set package 'ydlidar_ros2_driver' build argument 'catkin_skip_building_tests' from command line to 'False'
[1.080s] DEBUG:colcon.colcon_core.verb:Building package 'ydlidar_ros2_driver' with the following arguments: {'ament_cmake_args': None, 'build_base': '/home/orinnano004/ros2wk1/build/ydlidar_ros2_driver', 'catkin_cmake_args': None, 'catkin_skip_building_tests': False, 'cmake_args': None, 'cmake_clean_cache': False, 'cmake_clean_first': False, 'cmake_force_configure': False, 'cmake_target': None, 'cmake_target_skip_unavailable': False, 'install_base': '/home/orinnano004/ros2wk1/install/ydlidar_ros2_driver', 'merge_install': False, 'path': '/home/orinnano004/ros2wk1/ydlidar_ros2_driver', 'symlink_install': True, 'test_result_base': None}
[1.082s] Level 5:colcon.colcon_core.verb:set package 'ydlidar_sdk' build argument 'cmake_args' from command line to 'None'
[1.082s] Level 5:colcon.colcon_core.verb:set package 'ydlidar_sdk' build argument 'cmake_target' from command line to 'None'
[1.082s] Level 5:colcon.colcon_core.verb:set package 'ydlidar_sdk' build argument 'cmake_target_skip_unavailable' from command line to 'False'
[1.082s] Level 5:colcon.colcon_core.verb:set package 'ydlidar_sdk' build argument 'cmake_clean_cache' from command line to 'False'
[1.082s] Level 5:colcon.colcon_core.verb:set package 'ydlidar_sdk' build argument 'cmake_clean_first' from command line to 'False'
[1.082s] Level 5:colcon.colcon_core.verb:set package 'ydlidar_sdk' build argument 'cmake_force_configure' from command line to 'False'
[1.082s] Level 5:colcon.colcon_core.verb:set package 'ydlidar_sdk' build argument 'ament_cmake_args' from command line to 'None'
[1.082s] Level 5:colcon.colcon_core.verb:set package 'ydlidar_sdk' build argument 'catkin_cmake_args' from command line to 'None'
[1.082s] Level 5:colcon.colcon_core.verb:set package 'ydlidar_sdk' build argument 'catkin_skip_building_tests' from command line to 'False'
[1.082s] DEBUG:colcon.colcon_core.verb:Building package 'ydlidar_sdk' with the following arguments: {'ament_cmake_args': None, 'build_base': '/home/orinnano004/ros2wk1/build/ydlidar_sdk', 'catkin_cmake_args': None, 'catkin_skip_building_tests': False, 'cmake_args': None, 'cmake_clean_cache': False, 'cmake_clean_first': False, 'cmake_force_configure': False, 'cmake_target': None, 'cmake_target_skip_unavailable': False, 'install_base': '/home/orinnano004/ros2wk1/install/ydlidar_sdk', 'merge_install': False, 'path': '/home/orinnano004/ros2wk1/YDLidar-SDK', 'symlink_install': True, 'test_result_base': None}
[1.083s] INFO:colcon.colcon_core.executor:Executing jobs using 'parallel' executor
[1.090s] DEBUG:colcon.colcon_parallel_executor.executor.parallel:run_until_complete
[1.091s] INFO:colcon.colcon_ros.task.ament_cmake.build:Building ROS package in '/home/orinnano004/ros2wk1/ydlidar_ros2_driver' with build type 'ament_cmake'
[1.091s] INFO:colcon.colcon_cmake.task.cmake.build:Building CMake package in '/home/orinnano004/ros2wk1/ydlidar_ros2_driver'
[1.100s] INFO:colcon.colcon_core.plugin_system:Skipping extension 'colcon_core.shell.bat': Not used on non-Windows systems
[1.101s] INFO:colcon.colcon_core.shell:Skip shell extension 'powershell' for command environment: Not usable outside of PowerShell
[1.101s] DEBUG:colcon.colcon_core.shell:Skip shell extension 'dsv' for command environment
[1.114s] INFO:colcon.colcon_cmake.task.cmake.build:Building CMake package in '/home/orinnano004/ros2wk1/YDLidar-SDK'
[1.118s] INFO:colcon.colcon_core.shell:Skip shell extension 'powershell' for command environment: Not usable outside of PowerShell
[1.118s] DEBUG:colcon.colcon_core.shell:Skip shell extension 'dsv' for command environment
[1.144s] DEBUG:colcon.colcon_core.event_handler.log_command:Invoking command in '/home/orinnano004/ros2wk1/build/ydlidar_ros2_driver': CMAKE_PREFIX_PATH=/opt/ros/foxy /usr/bin/cmake /home/orinnano004/ros2wk1/ydlidar_ros2_driver -DAMENT_CMAKE_SYMLINK_INSTALL=1 -DCMAKE_INSTALL_PREFIX=/home/orinnano004/ros2wk1/install/ydlidar_ros2_driver
[1.154s] DEBUG:colcon.colcon_core.event_handler.log_command:Invoking command in '/home/orinnano004/ros2wk1/build/ydlidar_sdk': /usr/bin/cmake /home/orinnano004/ros2wk1/YDLidar-SDK -DCMAKE_INSTALL_PREFIX=/home/orinnano004/ros2wk1/install/ydlidar_sdk
[3.185s] DEBUG:colcon.colcon_core.event_handler.log_command:Invoked command in '/home/orinnano004/ros2wk1/build/ydlidar_ros2_driver' returned '0': CMAKE_PREFIX_PATH=/opt/ros/foxy /usr/bin/cmake /home/orinnano004/ros2wk1/ydlidar_ros2_driver -DAMENT_CMAKE_SYMLINK_INSTALL=1 -DCMAKE_INSTALL_PREFIX=/home/orinnano004/ros2wk1/install/ydlidar_ros2_driver
[3.194s] DEBUG:colcon.colcon_core.event_handler.log_command:Invoking command in '/home/orinnano004/ros2wk1/build/ydlidar_ros2_driver': CMAKE_PREFIX_PATH=/opt/ros/foxy /usr/bin/cmake --build /home/orinnano004/ros2wk1/build/ydlidar_ros2_driver -- -j6 -l6
[4.006s] DEBUG:colcon.colcon_core.event_handler.log_command:Invoked command in '/home/orinnano004/ros2wk1/build/ydlidar_sdk' returned '0': /usr/bin/cmake /home/orinnano004/ros2wk1/YDLidar-SDK -DCMAKE_INSTALL_PREFIX=/home/orinnano004/ros2wk1/install/ydlidar_sdk
[4.012s] DEBUG:colcon.colcon_core.event_handler.log_command:Invoking command in '/home/orinnano004/ros2wk1/build/ydlidar_sdk': /usr/bin/cmake --build /home/orinnano004/ros2wk1/build/ydlidar_sdk -- -j6 -l6
[14.216s] DEBUG:colcon.colcon_core.event_handler.log_command:Invoked command in '/home/orinnano004/ros2wk1/build/ydlidar_sdk' returned '0': /usr/bin/cmake --build /home/orinnano004/ros2wk1/build/ydlidar_sdk -- -j6 -l6
[14.343s] DEBUG:colcon.colcon_core.event_handler.log_command:Invoking command in '/home/orinnano004/ros2wk1/build/ydlidar_sdk': /usr/bin/cmake --install /home/orinnano004/ros2wk1/build/ydlidar_sdk
[14.432s] Level 1:colcon.colcon_core.environment:create_environment_scripts_only(ydlidar_sdk)
[14.434s] DEBUG:colcon.colcon_core.event_handler.log_command:Invoked command in '/home/orinnano004/ros2wk1/build/ydlidar_sdk' returned '0': /usr/bin/cmake --install /home/orinnano004/ros2wk1/build/ydlidar_sdk
[14.452s] Level 1:colcon.colcon_core.environment:checking '/home/orinnano004/ros2wk1/install/ydlidar_sdk' for CMake module files
[14.454s] Level 1:colcon.colcon_core.environment:checking '/home/orinnano004/ros2wk1/install/ydlidar_sdk' for CMake config files
[14.455s] Level 1:colcon.colcon_core.shell:create_environment_hook('ydlidar_sdk', 'cmake_prefix_path')
[14.460s] INFO:colcon.colcon_core.shell:Creating environment hook '/home/orinnano004/ros2wk1/install/ydlidar_sdk/share/ydlidar_sdk/hook/cmake_prefix_path.ps1'
[14.462s] INFO:colcon.colcon_core.shell:Creating environment descriptor '/home/orinnano004/ros2wk1/install/ydlidar_sdk/share/ydlidar_sdk/hook/cmake_prefix_path.dsv'
[14.463s] INFO:colcon.colcon_core.shell:Creating environment hook '/home/orinnano004/ros2wk1/install/ydlidar_sdk/share/ydlidar_sdk/hook/cmake_prefix_path.sh'
[14.466s] Level 1:colcon.colcon_core.environment:checking '/home/orinnano004/ros2wk1/install/ydlidar_sdk/lib'
[14.466s] Level 1:colcon.colcon_core.environment:checking '/home/orinnano004/ros2wk1/install/ydlidar_sdk/bin'
[14.467s] Level 1:colcon.colcon_core.shell:create_environment_hook('ydlidar_sdk', 'path')
[14.470s] INFO:colcon.colcon_core.shell:Creating environment hook '/home/orinnano004/ros2wk1/install/ydlidar_sdk/share/ydlidar_sdk/hook/path.ps1'
[14.471s] INFO:colcon.colcon_core.shell:Creating environment descriptor '/home/orinnano004/ros2wk1/install/ydlidar_sdk/share/ydlidar_sdk/hook/path.dsv'
[14.472s] INFO:colcon.colcon_core.shell:Creating environment hook '/home/orinnano004/ros2wk1/install/ydlidar_sdk/share/ydlidar_sdk/hook/path.sh'
[14.473s] Level 1:colcon.colcon_core.environment:checking '/home/orinnano004/ros2wk1/install/ydlidar_sdk/lib/pkgconfig/ydlidar_sdk.pc'
[14.473s] Level 1:colcon.colcon_core.environment:checking '/home/orinnano004/ros2wk1/install/ydlidar_sdk/lib/python3.8/site-packages'
[14.474s] Level 1:colcon.colcon_core.environment:checking '/home/orinnano004/ros2wk1/install/ydlidar_sdk/bin'
[14.474s] Level 1:colcon.colcon_core.shell:create_environment_hook('ydlidar_sdk', 'pythonscriptspath')
[14.477s] INFO:colcon.colcon_core.shell:Creating environment hook '/home/orinnano004/ros2wk1/install/ydlidar_sdk/share/ydlidar_sdk/hook/pythonscriptspath.ps1'
[14.478s] INFO:colcon.colcon_core.shell:Creating environment descriptor '/home/orinnano004/ros2wk1/install/ydlidar_sdk/share/ydlidar_sdk/hook/pythonscriptspath.dsv'
[14.478s] INFO:colcon.colcon_core.shell:Creating environment hook '/home/orinnano004/ros2wk1/install/ydlidar_sdk/share/ydlidar_sdk/hook/pythonscriptspath.sh'
[14.482s] INFO:colcon.colcon_core.shell:Creating package script '/home/orinnano004/ros2wk1/install/ydlidar_sdk/share/ydlidar_sdk/package.ps1'
[14.483s] INFO:colcon.colcon_core.shell:Creating package descriptor '/home/orinnano004/ros2wk1/install/ydlidar_sdk/share/ydlidar_sdk/package.dsv'
[14.485s] INFO:colcon.colcon_core.shell:Creating package script '/home/orinnano004/ros2wk1/install/ydlidar_sdk/share/ydlidar_sdk/package.sh'
[14.486s] INFO:colcon.colcon_core.shell:Creating package script '/home/orinnano004/ros2wk1/install/ydlidar_sdk/share/ydlidar_sdk/package.bash'
[14.487s] INFO:colcon.colcon_core.shell:Creating package script '/home/orinnano004/ros2wk1/install/ydlidar_sdk/share/ydlidar_sdk/package.zsh'
[14.489s] Level 1:colcon.colcon_core.environment:create_file_with_runtime_dependencies(/home/orinnano004/ros2wk1/install/ydlidar_sdk/share/colcon-core/packages/ydlidar_sdk)
[16.979s] DEBUG:colcon.colcon_core.event_handler.log_command:Invoked command in '/home/orinnano004/ros2wk1/build/ydlidar_ros2_driver' returned '0': CMAKE_PREFIX_PATH=/opt/ros/foxy /usr/bin/cmake --build /home/orinnano004/ros2wk1/build/ydlidar_ros2_driver -- -j6 -l6
[17.032s] DEBUG:colcon.colcon_core.event_handler.log_command:Invoking command in '/home/orinnano004/ros2wk1/build/ydlidar_ros2_driver': CMAKE_PREFIX_PATH=/opt/ros/foxy /usr/bin/cmake --install /home/orinnano004/ros2wk1/build/ydlidar_ros2_driver
[17.623s] Level 1:colcon.colcon_core.environment:create_environment_scripts_only(ydlidar_ros2_driver)
[17.631s] Level 1:colcon.colcon_core.environment:checking '/home/orinnano004/ros2wk1/install/ydlidar_ros2_driver' for CMake module files
[17.633s] DEBUG:colcon.colcon_core.event_handler.log_command:Invoked command in '/home/orinnano004/ros2wk1/build/ydlidar_ros2_driver' returned '0': CMAKE_PREFIX_PATH=/opt/ros/foxy /usr/bin/cmake --install /home/orinnano004/ros2wk1/build/ydlidar_ros2_driver
[17.635s] Level 1:colcon.colcon_core.environment:checking '/home/orinnano004/ros2wk1/install/ydlidar_ros2_driver' for CMake config files
[17.636s] Level 1:colcon.colcon_core.shell:create_environment_hook('ydlidar_ros2_driver', 'cmake_prefix_path')
[17.641s] INFO:colcon.colcon_core.shell:Creating environment hook '/home/orinnano004/ros2wk1/install/ydlidar_ros2_driver/share/ydlidar_ros2_driver/hook/cmake_prefix_path.ps1'
[17.643s] INFO:colcon.colcon_core.shell:Creating environment descriptor '/home/orinnano004/ros2wk1/install/ydlidar_ros2_driver/share/ydlidar_ros2_driver/hook/cmake_prefix_path.dsv'
[17.644s] INFO:colcon.colcon_core.shell:Creating environment hook '/home/orinnano004/ros2wk1/install/ydlidar_ros2_driver/share/ydlidar_ros2_driver/hook/cmake_prefix_path.sh'
[17.646s] Level 1:colcon.colcon_core.environment:checking '/home/orinnano004/ros2wk1/install/ydlidar_ros2_driver/lib'
[17.646s] Level 1:colcon.colcon_core.environment:checking '/home/orinnano004/ros2wk1/install/ydlidar_ros2_driver/bin'
[17.647s] Level 1:colcon.colcon_core.environment:checking '/home/orinnano004/ros2wk1/install/ydlidar_ros2_driver/lib/pkgconfig/ydlidar_ros2_driver.pc'
[17.648s] Level 1:colcon.colcon_core.environment:checking '/home/orinnano004/ros2wk1/install/ydlidar_ros2_driver/lib/python3.8/site-packages'
[17.648s] Level 1:colcon.colcon_core.environment:checking '/home/orinnano004/ros2wk1/install/ydlidar_ros2_driver/bin'
[17.653s] INFO:colcon.colcon_core.shell:Creating package script '/home/orinnano004/ros2wk1/install/ydlidar_ros2_driver/share/ydlidar_ros2_driver/package.ps1'
[17.655s] INFO:colcon.colcon_core.shell:Creating package descriptor '/home/orinnano004/ros2wk1/install/ydlidar_ros2_driver/share/ydlidar_ros2_driver/package.dsv'
[17.656s] INFO:colcon.colcon_core.shell:Creating package script '/home/orinnano004/ros2wk1/install/ydlidar_ros2_driver/share/ydlidar_ros2_driver/package.sh'
[17.657s] INFO:colcon.colcon_core.shell:Creating package script '/home/orinnano004/ros2wk1/install/ydlidar_ros2_driver/share/ydlidar_ros2_driver/package.bash'
[17.658s] INFO:colcon.colcon_core.shell:Creating package script '/home/orinnano004/ros2wk1/install/ydlidar_ros2_driver/share/ydlidar_ros2_driver/package.zsh'
[17.663s] Level 1:colcon.colcon_core.environment:create_file_with_runtime_dependencies(/home/orinnano004/ros2wk1/install/ydlidar_ros2_driver/share/colcon-core/packages/ydlidar_ros2_driver)
[17.713s] Level 1:colcon.colcon_core.environment:create_environment_scripts_only(ydlidar_ros2_driver)
[17.717s] Level 1:colcon.colcon_core.environment:checking '/home/orinnano004/ros2wk1/install/ydlidar_ros2_driver' for CMake module files
[17.718s] Level 1:colcon.colcon_core.environment:checking '/home/orinnano004/ros2wk1/install/ydlidar_ros2_driver' for CMake config files
[17.719s] Level 1:colcon.colcon_core.shell:create_environment_hook('ydlidar_ros2_driver', 'cmake_prefix_path')
[17.722s] INFO:colcon.colcon_core.shell:Creating environment hook '/home/orinnano004/ros2wk1/install/ydlidar_ros2_driver/share/ydlidar_ros2_driver/hook/cmake_prefix_path.ps1'
[17.723s] INFO:colcon.colcon_core.shell:Creating environment descriptor '/home/orinnano004/ros2wk1/install/ydlidar_ros2_driver/share/ydlidar_ros2_driver/hook/cmake_prefix_path.dsv'
[17.724s] INFO:colcon.colcon_core.shell:Creating environment hook '/home/orinnano004/ros2wk1/install/ydlidar_ros2_driver/share/ydlidar_ros2_driver/hook/cmake_prefix_path.sh'
[17.725s] Level 1:colcon.colcon_core.environment:checking '/home/orinnano004/ros2wk1/install/ydlidar_ros2_driver/lib'
[17.725s] Level 1:colcon.colcon_core.environment:checking '/home/orinnano004/ros2wk1/install/ydlidar_ros2_driver/bin'
[17.725s] Level 1:colcon.colcon_core.environment:checking '/home/orinnano004/ros2wk1/install/ydlidar_ros2_driver/lib/pkgconfig/ydlidar_ros2_driver.pc'
[17.726s] Level 1:colcon.colcon_core.environment:checking '/home/orinnano004/ros2wk1/install/ydlidar_ros2_driver/lib/python3.8/site-packages'
[17.726s] Level 1:colcon.colcon_core.environment:checking '/home/orinnano004/ros2wk1/install/ydlidar_ros2_driver/bin'
[17.729s] INFO:colcon.colcon_core.shell:Creating package script '/home/orinnano004/ros2wk1/install/ydlidar_ros2_driver/share/ydlidar_ros2_driver/package.ps1'
[17.800s] INFO:colcon.colcon_core.shell:Creating package descriptor '/home/orinnano004/ros2wk1/install/ydlidar_ros2_driver/share/ydlidar_ros2_driver/package.dsv'
[17.801s] INFO:colcon.colcon_core.shell:Creating package script '/home/orinnano004/ros2wk1/install/ydlidar_ros2_driver/share/ydlidar_ros2_driver/package.sh'
[17.802s] INFO:colcon.colcon_core.shell:Creating package script '/home/orinnano004/ros2wk1/install/ydlidar_ros2_driver/share/ydlidar_ros2_driver/package.bash'
[17.803s] INFO:colcon.colcon_core.shell:Creating package script '/home/orinnano004/ros2wk1/install/ydlidar_ros2_driver/share/ydlidar_ros2_driver/package.zsh'
[17.811s] Level 1:colcon.colcon_core.environment:create_file_with_runtime_dependencies(/home/orinnano004/ros2wk1/install/ydlidar_ros2_driver/share/colcon-core/packages/ydlidar_ros2_driver)
[17.812s] DEBUG:colcon.colcon_parallel_executor.executor.parallel:closing loop
[17.813s] DEBUG:colcon.colcon_parallel_executor.executor.parallel:loop closed
[17.813s] DEBUG:colcon.colcon_parallel_executor.executor.parallel:run_until_complete finished with '0'
[17.813s] DEBUG:colcon.colcon_core.event_reactor:joining thread
[17.834s] INFO:colcon.colcon_core.plugin_system:Skipping extension 'colcon_notification.desktop_notification.terminal_notifier': Not used on non-Darwin systems
[17.835s] INFO:colcon.colcon_core.plugin_system:Skipping extension 'colcon_notification.desktop_notification.win32': Not used on non-Windows systems
[17.835s] INFO:colcon.colcon_notification.desktop_notification:Sending desktop notification using 'notify2'
[17.876s] DEBUG:colcon.colcon_core.event_reactor:joined thread
[17.880s] INFO:colcon.colcon_core.shell:Creating prefix script '/home/orinnano004/ros2wk1/install/local_setup.ps1'
[17.882s] INFO:colcon.colcon_core.shell:Creating prefix util module '/home/orinnano004/ros2wk1/install/_local_setup_util_ps1.py'
[17.886s] INFO:colcon.colcon_core.shell:Creating prefix chain script '/home/orinnano004/ros2wk1/install/setup.ps1'
[17.888s] INFO:colcon.colcon_core.shell:Creating prefix script '/home/orinnano004/ros2wk1/install/local_setup.sh'
[17.889s] INFO:colcon.colcon_core.shell:Creating prefix util module '/home/orinnano004/ros2wk1/install/_local_setup_util_sh.py'
[17.890s] INFO:colcon.colcon_core.shell:Creating prefix chain script '/home/orinnano004/ros2wk1/install/setup.sh'
[17.893s] INFO:colcon.colcon_core.shell:Creating prefix script '/home/orinnano004/ros2wk1/install/local_setup.bash'
[17.894s] INFO:colcon.colcon_core.shell:Creating prefix chain script '/home/orinnano004/ros2wk1/install/setup.bash'
[17.897s] INFO:colcon.colcon_core.shell:Creating prefix script '/home/orinnano004/ros2wk1/install/local_setup.zsh'
[17.897s] INFO:colcon.colcon_core.shell:Creating prefix chain script '/home/orinnano004/ros2wk1/install/setup.zsh'
