[0.604s] DEBUG:colcon:Command line arguments: ['/usr/bin/colcon', 'build', '--symlink-install']
[0.604s] DEBUG:colcon:Parsed command line arguments: Namespace(allow_overriding=[], ament_cmake_args=None, base_paths=['.'], build_base='build', catkin_cmake_args=None, catkin_skip_building_tests=False, cmake_args=None, cmake_clean_cache=False, cmake_clean_first=False, cmake_force_configure=False, cmake_target=None, cmake_target_skip_unavailable=False, continue_on_error=False, event_handlers=None, executor='parallel', ignore_user_meta=False, install_base='install', log_base=None, log_level=None, main=<bound method BuildVerb.main of <colcon_core.verb.build.BuildVerb object at 0xffff838ddd30>>, merge_install=False, metas=['./colcon.meta'], packages_above=None, packages_above_and_dependencies=None, packages_above_depth=None, packages_end=None, packages_ignore=None, packages_ignore_regex=None, packages_select=None, packages_select_build_failed=False, packages_select_by_dep=None, packages_select_regex=None, packages_select_test_failures=False, packages_skip=None, packages_skip_build_finished=False, packages_skip_by_dep=None, packages_skip_regex=None, packages_skip_test_passed=False, packages_skip_up_to=None, packages_start=None, packages_up_to=None, packages_up_to_regex=None, parallel_workers=6, paths=None, symlink_install=True, test_result_base=None, verb_extension=<colcon_core.verb.build.BuildVerb object at 0xffff838ddd30>, verb_name='build', verb_parser=<colcon_defaults.argument_parser.defaults.DefaultArgumentsDecorator object at 0xffff838e82e0>)
[0.658s] Level 1:colcon.colcon_core.package_discovery:discover_packages(colcon_meta) check parameters
[0.658s] Level 1:colcon.colcon_core.package_discovery:discover_packages(recursive) check parameters
[0.658s] Level 1:colcon.colcon_core.package_discovery:discover_packages(ignore) check parameters
[0.658s] Level 1:colcon.colcon_core.package_discovery:discover_packages(path) check parameters
[0.658s] Level 1:colcon.colcon_core.package_discovery:discover_packages(colcon_meta) discover
[0.658s] Level 1:colcon.colcon_core.package_discovery:discover_packages(recursive) discover
[0.659s] INFO:colcon.colcon_core.package_discovery:Crawling recursively for packages in '/home/orinnano004/ros2wk1'
[0.659s] Level 1:colcon.colcon_core.package_identification:_identify(.) by extensions ['ignore', 'ignore_ament_install']
[0.659s] Level 1:colcon.colcon_core.package_identification:_identify(.) by extension 'ignore'
[0.659s] Level 1:colcon.colcon_core.package_identification:_identify(.) by extension 'ignore_ament_install'
[0.659s] Level 1:colcon.colcon_core.package_identification:_identify(.) by extensions ['colcon_pkg']
[0.659s] Level 1:colcon.colcon_core.package_identification:_identify(.) by extension 'colcon_pkg'
[0.659s] Level 1:colcon.colcon_core.package_identification:_identify(.) by extensions ['colcon_meta']
[0.660s] Level 1:colcon.colcon_core.package_identification:_identify(.) by extension 'colcon_meta'
[0.660s] Level 1:colcon.colcon_core.package_identification:_identify(.) by extensions ['ros']
[0.660s] Level 1:colcon.colcon_core.package_identification:_identify(.) by extension 'ros'
[0.705s] Level 1:colcon.colcon_core.package_identification:_identify(.) by extensions ['cmake', 'python']
[0.705s] Level 1:colcon.colcon_core.package_identification:_identify(.) by extension 'cmake'
[0.705s] Level 1:colcon.colcon_core.package_identification:_identify(.) by extension 'python'
[0.705s] Level 1:colcon.colcon_core.package_identification:_identify(.) by extensions ['python_setup_py']
[0.706s] Level 1:colcon.colcon_core.package_identification:_identify(.) by extension 'python_setup_py'
[0.706s] Level 1:colcon.colcon_core.package_identification:_identify(YDLidar-SDK) by extensions ['ignore', 'ignore_ament_install']
[0.706s] Level 1:colcon.colcon_core.package_identification:_identify(YDLidar-SDK) by extension 'ignore'
[0.706s] Level 1:colcon.colcon_core.package_identification:_identify(YDLidar-SDK) by extension 'ignore_ament_install'
[0.706s] Level 1:colcon.colcon_core.package_identification:_identify(YDLidar-SDK) by extensions ['colcon_pkg']
[0.707s] Level 1:colcon.colcon_core.package_identification:_identify(YDLidar-SDK) by extension 'colcon_pkg'
[0.707s] Level 1:colcon.colcon_core.package_identification:_identify(YDLidar-SDK) by extensions ['colcon_meta']
[0.707s] Level 1:colcon.colcon_core.package_identification:_identify(YDLidar-SDK) by extension 'colcon_meta'
[0.707s] Level 1:colcon.colcon_core.package_identification:_identify(YDLidar-SDK) by extensions ['ros']
[0.707s] Level 1:colcon.colcon_core.package_identification:_identify(YDLidar-SDK) by extension 'ros'
[0.707s] Level 1:colcon.colcon_core.package_identification:_identify(YDLidar-SDK) by extensions ['cmake', 'python']
[0.707s] Level 1:colcon.colcon_core.package_identification:_identify(YDLidar-SDK) by extension 'cmake'
[0.743s] Level 1:colcon.colcon_core.package_identification:_identify(YDLidar-SDK) by extension 'python'
[0.744s] DEBUG:colcon.colcon_core.package_identification:Package 'YDLidar-SDK' with type 'cmake' and name 'ydlidar_sdk'
[0.744s] Level 1:colcon.colcon_core.package_identification:_identify(build) by extensions ['ignore', 'ignore_ament_install']
[0.744s] Level 1:colcon.colcon_core.package_identification:_identify(build) by extension 'ignore'
[0.744s] Level 1:colcon.colcon_core.package_identification:_identify(build) ignored
[0.744s] Level 1:colcon.colcon_core.package_identification:_identify(install) by extensions ['ignore', 'ignore_ament_install']
[0.745s] Level 1:colcon.colcon_core.package_identification:_identify(install) by extension 'ignore'
[0.745s] Level 1:colcon.colcon_core.package_identification:_identify(install) ignored
[0.745s] Level 1:colcon.colcon_core.package_identification:_identify(log) by extensions ['ignore', 'ignore_ament_install']
[0.745s] Level 1:colcon.colcon_core.package_identification:_identify(log) by extension 'ignore'
[0.745s] Level 1:colcon.colcon_core.package_identification:_identify(log) ignored
[0.745s] Level 1:colcon.colcon_core.package_identification:_identify(ydlidar_ros2_driver) by extensions ['ignore', 'ignore_ament_install']
[0.746s] Level 1:colcon.colcon_core.package_identification:_identify(ydlidar_ros2_driver) by extension 'ignore'
[0.746s] Level 1:colcon.colcon_core.package_identification:_identify(ydlidar_ros2_driver) by extension 'ignore_ament_install'
[0.746s] Level 1:colcon.colcon_core.package_identification:_identify(ydlidar_ros2_driver) by extensions ['colcon_pkg']
[0.746s] Level 1:colcon.colcon_core.package_identification:_identify(ydlidar_ros2_driver) by extension 'colcon_pkg'
[0.746s] Level 1:colcon.colcon_core.package_identification:_identify(ydlidar_ros2_driver) by extensions ['colcon_meta']
[0.746s] Level 1:colcon.colcon_core.package_identification:_identify(ydlidar_ros2_driver) by extension 'colcon_meta'
[0.746s] Level 1:colcon.colcon_core.package_identification:_identify(ydlidar_ros2_driver) by extensions ['ros']
[0.746s] Level 1:colcon.colcon_core.package_identification:_identify(ydlidar_ros2_driver) by extension 'ros'
[0.751s] DEBUG:colcon.colcon_core.package_identification:Package 'ydlidar_ros2_driver' with type 'ros.ament_cmake' and name 'ydlidar_ros2_driver'
[0.751s] Level 1:colcon.colcon_core.package_discovery:discover_packages(recursive) using defaults
[0.751s] Level 1:colcon.colcon_core.package_discovery:discover_packages(ignore) discover
[0.752s] Level 1:colcon.colcon_core.package_discovery:discover_packages(ignore) using defaults
[0.752s] Level 1:colcon.colcon_core.package_discovery:discover_packages(path) discover
[0.752s] Level 1:colcon.colcon_core.package_discovery:discover_packages(path) using defaults
[0.791s] Level 1:colcon.colcon_core.package_discovery:discover_packages(prefix_path) check parameters
[0.791s] Level 1:colcon.colcon_core.package_discovery:discover_packages(prefix_path) discover
[0.796s] DEBUG:colcon.colcon_installed_package_information.package_discovery:Found 2 installed packages in /home/orinnano004/ros2wk1/install
[0.800s] DEBUG:colcon.colcon_installed_package_information.package_discovery:Found 256 installed packages in /opt/ros/foxy
[0.802s] Level 1:colcon.colcon_core.package_discovery:discover_packages(prefix_path) using defaults
[0.932s] Level 5:colcon.colcon_core.verb:set package 'ydlidar_ros2_driver' build argument 'cmake_args' from command line to 'None'
[0.932s] Level 5:colcon.colcon_core.verb:set package 'ydlidar_ros2_driver' build argument 'cmake_target' from command line to 'None'
[0.932s] Level 5:colcon.colcon_core.verb:set package 'ydlidar_ros2_driver' build argument 'cmake_target_skip_unavailable' from command line to 'False'
[0.932s] Level 5:colcon.colcon_core.verb:set package 'ydlidar_ros2_driver' build argument 'cmake_clean_cache' from command line to 'False'
[0.932s] Level 5:colcon.colcon_core.verb:set package 'ydlidar_ros2_driver' build argument 'cmake_clean_first' from command line to 'False'
[0.933s] Level 5:colcon.colcon_core.verb:set package 'ydlidar_ros2_driver' build argument 'cmake_force_configure' from command line to 'False'
[0.933s] Level 5:colcon.colcon_core.verb:set package 'ydlidar_ros2_driver' build argument 'ament_cmake_args' from command line to 'None'
[0.933s] Level 5:colcon.colcon_core.verb:set package 'ydlidar_ros2_driver' build argument 'catkin_cmake_args' from command line to 'None'
[0.933s] Level 5:colcon.colcon_core.verb:set package 'ydlidar_ros2_driver' build argument 'catkin_skip_building_tests' from command line to 'False'
[0.933s] DEBUG:colcon.colcon_core.verb:Building package 'ydlidar_ros2_driver' with the following arguments: {'ament_cmake_args': None, 'build_base': '/home/orinnano004/ros2wk1/build/ydlidar_ros2_driver', 'catkin_cmake_args': None, 'catkin_skip_building_tests': False, 'cmake_args': None, 'cmake_clean_cache': False, 'cmake_clean_first': False, 'cmake_force_configure': False, 'cmake_target': None, 'cmake_target_skip_unavailable': False, 'install_base': '/home/orinnano004/ros2wk1/install/ydlidar_ros2_driver', 'merge_install': False, 'path': '/home/orinnano004/ros2wk1/ydlidar_ros2_driver', 'symlink_install': True, 'test_result_base': None}
[0.935s] Level 5:colcon.colcon_core.verb:set package 'ydlidar_sdk' build argument 'cmake_args' from command line to 'None'
[0.935s] Level 5:colcon.colcon_core.verb:set package 'ydlidar_sdk' build argument 'cmake_target' from command line to 'None'
[0.935s] Level 5:colcon.colcon_core.verb:set package 'ydlidar_sdk' build argument 'cmake_target_skip_unavailable' from command line to 'False'
[0.935s] Level 5:colcon.colcon_core.verb:set package 'ydlidar_sdk' build argument 'cmake_clean_cache' from command line to 'False'
[0.935s] Level 5:colcon.colcon_core.verb:set package 'ydlidar_sdk' build argument 'cmake_clean_first' from command line to 'False'
[0.935s] Level 5:colcon.colcon_core.verb:set package 'ydlidar_sdk' build argument 'cmake_force_configure' from command line to 'False'
[0.935s] Level 5:colcon.colcon_core.verb:set package 'ydlidar_sdk' build argument 'ament_cmake_args' from command line to 'None'
[0.935s] Level 5:colcon.colcon_core.verb:set package 'ydlidar_sdk' build argument 'catkin_cmake_args' from command line to 'None'
[0.935s] Level 5:colcon.colcon_core.verb:set package 'ydlidar_sdk' build argument 'catkin_skip_building_tests' from command line to 'False'
[0.935s] DEBUG:colcon.colcon_core.verb:Building package 'ydlidar_sdk' with the following arguments: {'ament_cmake_args': None, 'build_base': '/home/orinnano004/ros2wk1/build/ydlidar_sdk', 'catkin_cmake_args': None, 'catkin_skip_building_tests': False, 'cmake_args': None, 'cmake_clean_cache': False, 'cmake_clean_first': False, 'cmake_force_configure': False, 'cmake_target': None, 'cmake_target_skip_unavailable': False, 'install_base': '/home/orinnano004/ros2wk1/install/ydlidar_sdk', 'merge_install': False, 'path': '/home/orinnano004/ros2wk1/YDLidar-SDK', 'symlink_install': True, 'test_result_base': None}
[0.937s] INFO:colcon.colcon_core.executor:Executing jobs using 'parallel' executor
[0.944s] DEBUG:colcon.colcon_parallel_executor.executor.parallel:run_until_complete
[0.945s] INFO:colcon.colcon_ros.task.ament_cmake.build:Building ROS package in '/home/orinnano004/ros2wk1/ydlidar_ros2_driver' with build type 'ament_cmake'
[0.945s] INFO:colcon.colcon_cmake.task.cmake.build:Building CMake package in '/home/orinnano004/ros2wk1/ydlidar_ros2_driver'
[0.954s] INFO:colcon.colcon_core.plugin_system:Skipping extension 'colcon_core.shell.bat': Not used on non-Windows systems
[0.954s] INFO:colcon.colcon_core.shell:Skip shell extension 'powershell' for command environment: Not usable outside of PowerShell
[0.954s] DEBUG:colcon.colcon_core.shell:Skip shell extension 'dsv' for command environment
[0.970s] INFO:colcon.colcon_cmake.task.cmake.build:Building CMake package in '/home/orinnano004/ros2wk1/YDLidar-SDK'
[0.974s] INFO:colcon.colcon_core.shell:Skip shell extension 'powershell' for command environment: Not usable outside of PowerShell
[0.975s] DEBUG:colcon.colcon_core.shell:Skip shell extension 'dsv' for command environment
[0.998s] DEBUG:colcon.colcon_core.event_handler.log_command:Invoking command in '/home/orinnano004/ros2wk1/build/ydlidar_ros2_driver': CMAKE_PREFIX_PATH=${CMAKE_PREFIX_PATH}:/opt/ros/foxy /usr/bin/cmake --build /home/orinnano004/ros2wk1/build/ydlidar_ros2_driver -- -j6 -l6
[1.016s] DEBUG:colcon.colcon_core.event_handler.log_command:Invoking command in '/home/orinnano004/ros2wk1/build/ydlidar_sdk': /usr/bin/cmake --build /home/orinnano004/ros2wk1/build/ydlidar_sdk -- -j6 -l6
[1.160s] DEBUG:colcon.colcon_core.event_handler.log_command:Invoked command in '/home/orinnano004/ros2wk1/build/ydlidar_ros2_driver' returned '0': CMAKE_PREFIX_PATH=${CMAKE_PREFIX_PATH}:/opt/ros/foxy /usr/bin/cmake --build /home/orinnano004/ros2wk1/build/ydlidar_ros2_driver -- -j6 -l6
[1.241s] DEBUG:colcon.colcon_core.event_handler.log_command:Invoking command in '/home/orinnano004/ros2wk1/build/ydlidar_ros2_driver': CMAKE_PREFIX_PATH=${CMAKE_PREFIX_PATH}:/opt/ros/foxy /usr/bin/cmake --install /home/orinnano004/ros2wk1/build/ydlidar_ros2_driver
[1.250s] DEBUG:colcon.colcon_core.event_handler.log_command:Invoked command in '/home/orinnano004/ros2wk1/build/ydlidar_sdk' returned '0': /usr/bin/cmake --build /home/orinnano004/ros2wk1/build/ydlidar_sdk -- -j6 -l6
[1.297s] Level 1:colcon.colcon_core.environment:create_environment_scripts_only(ydlidar_ros2_driver)
[1.299s] DEBUG:colcon.colcon_core.event_handler.log_command:Invoked command in '/home/orinnano004/ros2wk1/build/ydlidar_ros2_driver' returned '0': CMAKE_PREFIX_PATH=${CMAKE_PREFIX_PATH}:/opt/ros/foxy /usr/bin/cmake --install /home/orinnano004/ros2wk1/build/ydlidar_ros2_driver
[1.310s] Level 1:colcon.colcon_core.environment:checking '/home/orinnano004/ros2wk1/install/ydlidar_ros2_driver' for CMake module files
[1.311s] Level 1:colcon.colcon_core.environment:checking '/home/orinnano004/ros2wk1/install/ydlidar_ros2_driver' for CMake config files
[1.312s] Level 1:colcon.colcon_core.shell:create_environment_hook('ydlidar_ros2_driver', 'cmake_prefix_path')
[1.315s] INFO:colcon.colcon_core.shell:Creating environment hook '/home/orinnano004/ros2wk1/install/ydlidar_ros2_driver/share/ydlidar_ros2_driver/hook/cmake_prefix_path.ps1'
[1.316s] INFO:colcon.colcon_core.shell:Creating environment descriptor '/home/orinnano004/ros2wk1/install/ydlidar_ros2_driver/share/ydlidar_ros2_driver/hook/cmake_prefix_path.dsv'
[1.317s] INFO:colcon.colcon_core.shell:Creating environment hook '/home/orinnano004/ros2wk1/install/ydlidar_ros2_driver/share/ydlidar_ros2_driver/hook/cmake_prefix_path.sh'
[1.322s] Level 1:colcon.colcon_core.environment:checking '/home/orinnano004/ros2wk1/install/ydlidar_ros2_driver/lib'
[1.323s] Level 1:colcon.colcon_core.environment:checking '/home/orinnano004/ros2wk1/install/ydlidar_ros2_driver/bin'
[1.323s] Level 1:colcon.colcon_core.environment:checking '/home/orinnano004/ros2wk1/install/ydlidar_ros2_driver/lib/pkgconfig/ydlidar_ros2_driver.pc'
[1.323s] Level 1:colcon.colcon_core.environment:checking '/home/orinnano004/ros2wk1/install/ydlidar_ros2_driver/lib/python3.8/site-packages'
[1.324s] Level 1:colcon.colcon_core.environment:checking '/home/orinnano004/ros2wk1/install/ydlidar_ros2_driver/bin'
[1.327s] INFO:colcon.colcon_core.shell:Creating package script '/home/orinnano004/ros2wk1/install/ydlidar_ros2_driver/share/ydlidar_ros2_driver/package.ps1'
[1.328s] INFO:colcon.colcon_core.shell:Creating package descriptor '/home/orinnano004/ros2wk1/install/ydlidar_ros2_driver/share/ydlidar_ros2_driver/package.dsv'
[1.330s] INFO:colcon.colcon_core.shell:Creating package script '/home/orinnano004/ros2wk1/install/ydlidar_ros2_driver/share/ydlidar_ros2_driver/package.sh'
[1.331s] INFO:colcon.colcon_core.shell:Creating package script '/home/orinnano004/ros2wk1/install/ydlidar_ros2_driver/share/ydlidar_ros2_driver/package.bash'
[1.332s] INFO:colcon.colcon_core.shell:Creating package script '/home/orinnano004/ros2wk1/install/ydlidar_ros2_driver/share/ydlidar_ros2_driver/package.zsh'
[1.334s] Level 1:colcon.colcon_core.environment:create_file_with_runtime_dependencies(/home/orinnano004/ros2wk1/install/ydlidar_ros2_driver/share/colcon-core/packages/ydlidar_ros2_driver)
[1.351s] DEBUG:colcon.colcon_core.event_handler.log_command:Invoking command in '/home/orinnano004/ros2wk1/build/ydlidar_sdk': /usr/bin/cmake --install /home/orinnano004/ros2wk1/build/ydlidar_sdk
[1.389s] Level 1:colcon.colcon_core.environment:create_environment_scripts_only(ydlidar_ros2_driver)
[1.393s] Level 1:colcon.colcon_core.environment:checking '/home/orinnano004/ros2wk1/install/ydlidar_ros2_driver' for CMake module files
[1.396s] Level 1:colcon.colcon_core.environment:checking '/home/orinnano004/ros2wk1/install/ydlidar_ros2_driver' for CMake config files
[1.399s] Level 1:colcon.colcon_core.shell:create_environment_hook('ydlidar_ros2_driver', 'cmake_prefix_path')
[1.402s] INFO:colcon.colcon_core.shell:Creating environment hook '/home/orinnano004/ros2wk1/install/ydlidar_ros2_driver/share/ydlidar_ros2_driver/hook/cmake_prefix_path.ps1'
[1.455s] INFO:colcon.colcon_core.shell:Creating environment descriptor '/home/orinnano004/ros2wk1/install/ydlidar_ros2_driver/share/ydlidar_ros2_driver/hook/cmake_prefix_path.dsv'
[1.456s] INFO:colcon.colcon_core.shell:Creating environment hook '/home/orinnano004/ros2wk1/install/ydlidar_ros2_driver/share/ydlidar_ros2_driver/hook/cmake_prefix_path.sh'
[1.457s] Level 1:colcon.colcon_core.environment:checking '/home/orinnano004/ros2wk1/install/ydlidar_ros2_driver/lib'
[1.458s] Level 1:colcon.colcon_core.environment:checking '/home/orinnano004/ros2wk1/install/ydlidar_ros2_driver/bin'
[1.458s] Level 1:colcon.colcon_core.environment:checking '/home/orinnano004/ros2wk1/install/ydlidar_ros2_driver/lib/pkgconfig/ydlidar_ros2_driver.pc'
[1.458s] Level 1:colcon.colcon_core.environment:checking '/home/orinnano004/ros2wk1/install/ydlidar_ros2_driver/lib/python3.8/site-packages'
[1.458s] Level 1:colcon.colcon_core.environment:checking '/home/orinnano004/ros2wk1/install/ydlidar_ros2_driver/bin'
[1.461s] INFO:colcon.colcon_core.shell:Creating package script '/home/orinnano004/ros2wk1/install/ydlidar_ros2_driver/share/ydlidar_ros2_driver/package.ps1'
[1.463s] INFO:colcon.colcon_core.shell:Creating package descriptor '/home/orinnano004/ros2wk1/install/ydlidar_ros2_driver/share/ydlidar_ros2_driver/package.dsv'
[1.464s] INFO:colcon.colcon_core.shell:Creating package script '/home/orinnano004/ros2wk1/install/ydlidar_ros2_driver/share/ydlidar_ros2_driver/package.sh'
[1.465s] INFO:colcon.colcon_core.shell:Creating package script '/home/orinnano004/ros2wk1/install/ydlidar_ros2_driver/share/ydlidar_ros2_driver/package.bash'
[1.466s] INFO:colcon.colcon_core.shell:Creating package script '/home/orinnano004/ros2wk1/install/ydlidar_ros2_driver/share/ydlidar_ros2_driver/package.zsh'
[1.467s] Level 1:colcon.colcon_core.environment:create_file_with_runtime_dependencies(/home/orinnano004/ros2wk1/install/ydlidar_ros2_driver/share/colcon-core/packages/ydlidar_ros2_driver)
[1.469s] Level 1:colcon.colcon_core.environment:create_environment_scripts_only(ydlidar_sdk)
[1.473s] Level 1:colcon.colcon_core.environment:checking '/home/orinnano004/ros2wk1/install/ydlidar_sdk' for CMake module files
[1.475s] DEBUG:colcon.colcon_core.event_handler.log_command:Invoked command in '/home/orinnano004/ros2wk1/build/ydlidar_sdk' returned '0': /usr/bin/cmake --install /home/orinnano004/ros2wk1/build/ydlidar_sdk
[1.475s] Level 1:colcon.colcon_core.environment:checking '/home/orinnano004/ros2wk1/install/ydlidar_sdk' for CMake config files
[1.476s] Level 1:colcon.colcon_core.shell:create_environment_hook('ydlidar_sdk', 'cmake_prefix_path')
[1.479s] INFO:colcon.colcon_core.shell:Creating environment hook '/home/orinnano004/ros2wk1/install/ydlidar_sdk/share/ydlidar_sdk/hook/cmake_prefix_path.ps1'
[1.480s] INFO:colcon.colcon_core.shell:Creating environment descriptor '/home/orinnano004/ros2wk1/install/ydlidar_sdk/share/ydlidar_sdk/hook/cmake_prefix_path.dsv'
[1.480s] INFO:colcon.colcon_core.shell:Creating environment hook '/home/orinnano004/ros2wk1/install/ydlidar_sdk/share/ydlidar_sdk/hook/cmake_prefix_path.sh'
[1.481s] Level 1:colcon.colcon_core.environment:checking '/home/orinnano004/ros2wk1/install/ydlidar_sdk/lib'
[1.482s] Level 1:colcon.colcon_core.environment:checking '/home/orinnano004/ros2wk1/install/ydlidar_sdk/bin'
[1.482s] Level 1:colcon.colcon_core.shell:create_environment_hook('ydlidar_sdk', 'path')
[1.485s] INFO:colcon.colcon_core.shell:Creating environment hook '/home/orinnano004/ros2wk1/install/ydlidar_sdk/share/ydlidar_sdk/hook/path.ps1'
[1.486s] INFO:colcon.colcon_core.shell:Creating environment descriptor '/home/orinnano004/ros2wk1/install/ydlidar_sdk/share/ydlidar_sdk/hook/path.dsv'
[1.487s] INFO:colcon.colcon_core.shell:Creating environment hook '/home/orinnano004/ros2wk1/install/ydlidar_sdk/share/ydlidar_sdk/hook/path.sh'
[1.487s] Level 1:colcon.colcon_core.environment:checking '/home/orinnano004/ros2wk1/install/ydlidar_sdk/lib/pkgconfig/ydlidar_sdk.pc'
[1.488s] Level 1:colcon.colcon_core.environment:checking '/home/orinnano004/ros2wk1/install/ydlidar_sdk/lib/python3.8/site-packages'
[1.488s] Level 1:colcon.colcon_core.environment:checking '/home/orinnano004/ros2wk1/install/ydlidar_sdk/bin'
[1.488s] Level 1:colcon.colcon_core.shell:create_environment_hook('ydlidar_sdk', 'pythonscriptspath')
[1.491s] INFO:colcon.colcon_core.shell:Creating environment hook '/home/orinnano004/ros2wk1/install/ydlidar_sdk/share/ydlidar_sdk/hook/pythonscriptspath.ps1'
[1.492s] INFO:colcon.colcon_core.shell:Creating environment descriptor '/home/orinnano004/ros2wk1/install/ydlidar_sdk/share/ydlidar_sdk/hook/pythonscriptspath.dsv'
[1.492s] INFO:colcon.colcon_core.shell:Creating environment hook '/home/orinnano004/ros2wk1/install/ydlidar_sdk/share/ydlidar_sdk/hook/pythonscriptspath.sh'
[1.496s] INFO:colcon.colcon_core.shell:Creating package script '/home/orinnano004/ros2wk1/install/ydlidar_sdk/share/ydlidar_sdk/package.ps1'
[1.497s] INFO:colcon.colcon_core.shell:Creating package descriptor '/home/orinnano004/ros2wk1/install/ydlidar_sdk/share/ydlidar_sdk/package.dsv'
[1.498s] INFO:colcon.colcon_core.shell:Creating package script '/home/orinnano004/ros2wk1/install/ydlidar_sdk/share/ydlidar_sdk/package.sh'
[1.499s] INFO:colcon.colcon_core.shell:Creating package script '/home/orinnano004/ros2wk1/install/ydlidar_sdk/share/ydlidar_sdk/package.bash'
[1.499s] INFO:colcon.colcon_core.shell:Creating package script '/home/orinnano004/ros2wk1/install/ydlidar_sdk/share/ydlidar_sdk/package.zsh'
[1.500s] Level 1:colcon.colcon_core.environment:create_file_with_runtime_dependencies(/home/orinnano004/ros2wk1/install/ydlidar_sdk/share/colcon-core/packages/ydlidar_sdk)
[1.501s] DEBUG:colcon.colcon_parallel_executor.executor.parallel:closing loop
[1.501s] DEBUG:colcon.colcon_parallel_executor.executor.parallel:loop closed
[1.502s] DEBUG:colcon.colcon_parallel_executor.executor.parallel:run_until_complete finished with '0'
[1.502s] DEBUG:colcon.colcon_core.event_reactor:joining thread
[1.514s] INFO:colcon.colcon_core.plugin_system:Skipping extension 'colcon_notification.desktop_notification.terminal_notifier': Not used on non-Darwin systems
[1.514s] INFO:colcon.colcon_core.plugin_system:Skipping extension 'colcon_notification.desktop_notification.win32': Not used on non-Windows systems
[1.514s] INFO:colcon.colcon_notification.desktop_notification:Sending desktop notification using 'notify2'
[1.549s] DEBUG:colcon.colcon_core.event_reactor:joined thread
[1.553s] INFO:colcon.colcon_core.shell:Creating prefix script '/home/orinnano004/ros2wk1/install/local_setup.ps1'
[1.555s] INFO:colcon.colcon_core.shell:Creating prefix util module '/home/orinnano004/ros2wk1/install/_local_setup_util_ps1.py'
[1.560s] INFO:colcon.colcon_core.shell:Creating prefix chain script '/home/orinnano004/ros2wk1/install/setup.ps1'
[1.563s] INFO:colcon.colcon_core.shell:Creating prefix script '/home/orinnano004/ros2wk1/install/local_setup.sh'
[1.564s] INFO:colcon.colcon_core.shell:Creating prefix util module '/home/orinnano004/ros2wk1/install/_local_setup_util_sh.py'
[1.565s] INFO:colcon.colcon_core.shell:Creating prefix chain script '/home/orinnano004/ros2wk1/install/setup.sh'
[1.568s] INFO:colcon.colcon_core.shell:Creating prefix script '/home/orinnano004/ros2wk1/install/local_setup.bash'
[1.569s] INFO:colcon.colcon_core.shell:Creating prefix chain script '/home/orinnano004/ros2wk1/install/setup.bash'
[1.571s] INFO:colcon.colcon_core.shell:Creating prefix script '/home/orinnano004/ros2wk1/install/local_setup.zsh'
[1.572s] INFO:colcon.colcon_core.shell:Creating prefix chain script '/home/orinnano004/ros2wk1/install/setup.zsh'
