[0.046s] Invoking command in '/home/orinnano004/ros2wk1/build/ydlidar_ros2_driver': CMAKE_PREFIX_PATH=/opt/ros/foxy /usr/bin/cmake --build /home/orinnano004/ros2wk1/build/ydlidar_ros2_driver -- -j6 -l6
[0.175s] [ 75%] Built target ydlidar_ros2_driver_node
[0.175s] [100%] Built target ydlidar_ros2_driver_client
[0.207s] Invoked command in '/home/orinnano004/ros2wk1/build/ydlidar_ros2_driver' returned '0': CMAKE_PREFIX_PATH=/opt/ros/foxy /usr/bin/cmake --build /home/orinnano004/ros2wk1/build/ydlidar_ros2_driver -- -j6 -l6
[0.295s] Invoking command in '/home/orinnano004/ros2wk1/build/ydlidar_ros2_driver': CMAKE_PREFIX_PATH=/opt/ros/foxy /usr/bin/cmake --install /home/orinnano004/ros2wk1/build/ydlidar_ros2_driver
[0.311s] -- Install configuration: ""
[0.311s] -- Execute custom install script
[0.312s] -- Up-to-date symlink: /home/orinnano004/ros2wk1/install/ydlidar_ros2_driver/lib/ydlidar_ros2_driver/ydlidar_ros2_driver_node
[0.313s] -- Up-to-date symlink: /home/orinnano004/ros2wk1/install/ydlidar_ros2_driver/lib/ydlidar_ros2_driver/ydlidar_ros2_driver_client
[0.314s] -- Up-to-date symlink: /home/orinnano004/ros2wk1/install/ydlidar_ros2_driver/share/ydlidar_ros2_driver/launch/ydlidar.py
[0.314s] -- Up-to-date symlink: /home/orinnano004/ros2wk1/install/ydlidar_ros2_driver/share/ydlidar_ros2_driver/launch/ydlidar_launch.py
[0.314s] -- Up-to-date symlink: /home/orinnano004/ros2wk1/install/ydlidar_ros2_driver/share/ydlidar_ros2_driver/launch/ydlidar_launch_view.py
[0.315s] -- Up-to-date symlink: /home/orinnano004/ros2wk1/install/ydlidar_ros2_driver/share/ydlidar_ros2_driver/params/G1.yaml
[0.315s] -- Up-to-date symlink: /home/orinnano004/ros2wk1/install/ydlidar_ros2_driver/share/ydlidar_ros2_driver/params/G2.yaml
[0.316s] -- Up-to-date symlink: /home/orinnano004/ros2wk1/install/ydlidar_ros2_driver/share/ydlidar_ros2_driver/params/G6.yaml
[0.316s] -- Up-to-date symlink: /home/orinnano004/ros2wk1/install/ydlidar_ros2_driver/share/ydlidar_ros2_driver/params/TG.yaml
[0.316s] -- Up-to-date symlink: /home/orinnano004/ros2wk1/install/ydlidar_ros2_driver/share/ydlidar_ros2_driver/params/TminiPro.yaml
[0.316s] -- Up-to-date symlink: /home/orinnano004/ros2wk1/install/ydlidar_ros2_driver/share/ydlidar_ros2_driver/params/X2.yaml
[0.317s] -- Up-to-date symlink: /home/orinnano004/ros2wk1/install/ydlidar_ros2_driver/share/ydlidar_ros2_driver/params/X4-Pro.yaml
[0.317s] -- Up-to-date symlink: /home/orinnano004/ros2wk1/install/ydlidar_ros2_driver/share/ydlidar_ros2_driver/params/X4.yaml
[0.317s] -- Symlinking: /home/orinnano004/ros2wk1/install/ydlidar_ros2_driver/share/ydlidar_ros2_driver/params/ydlidar (copy).yaml
[0.337s] -- Up-to-date symlink: /home/orinnano004/ros2wk1/install/ydlidar_ros2_driver/share/ydlidar_ros2_driver/params/ydlidar.yaml
[0.337s] -- Up-to-date symlink: /home/orinnano004/ros2wk1/install/ydlidar_ros2_driver/share/ydlidar_ros2_driver/startup/initenv.sh
[0.338s] -- Up-to-date symlink: /home/orinnano004/ros2wk1/install/ydlidar_ros2_driver/share/ydlidar_ros2_driver/config/ydlidar.rviz
[0.338s] -- Up-to-date symlink: /home/orinnano004/ros2wk1/install/ydlidar_ros2_driver/share/ament_index/resource_index/package_run_dependencies/ydlidar_ros2_driver
[0.339s] -- Up-to-date symlink: /home/orinnano004/ros2wk1/install/ydlidar_ros2_driver/share/ament_index/resource_index/parent_prefix_path/ydlidar_ros2_driver
[0.339s] -- Up-to-date symlink: /home/orinnano004/ros2wk1/install/ydlidar_ros2_driver/share/ydlidar_ros2_driver/environment/ament_prefix_path.sh
[0.340s] -- Up-to-date symlink: /home/orinnano004/ros2wk1/install/ydlidar_ros2_driver/share/ydlidar_ros2_driver/environment/ament_prefix_path.dsv
[0.340s] -- Up-to-date symlink: /home/orinnano004/ros2wk1/install/ydlidar_ros2_driver/share/ydlidar_ros2_driver/environment/path.sh
[0.341s] -- Up-to-date symlink: /home/orinnano004/ros2wk1/install/ydlidar_ros2_driver/share/ydlidar_ros2_driver/environment/path.dsv
[0.341s] -- Up-to-date symlink: /home/orinnano004/ros2wk1/install/ydlidar_ros2_driver/share/ydlidar_ros2_driver/local_setup.bash
[0.342s] -- Up-to-date symlink: /home/orinnano004/ros2wk1/install/ydlidar_ros2_driver/share/ydlidar_ros2_driver/local_setup.sh
[0.342s] -- Up-to-date symlink: /home/orinnano004/ros2wk1/install/ydlidar_ros2_driver/share/ydlidar_ros2_driver/local_setup.zsh
[0.343s] -- Up-to-date symlink: /home/orinnano004/ros2wk1/install/ydlidar_ros2_driver/share/ydlidar_ros2_driver/local_setup.dsv
[0.343s] -- Symlinking: /home/orinnano004/ros2wk1/install/ydlidar_ros2_driver/share/ydlidar_ros2_driver/package.dsv
[0.362s] -- Up-to-date symlink: /home/orinnano004/ros2wk1/install/ydlidar_ros2_driver/share/ament_index/resource_index/packages/ydlidar_ros2_driver
[0.363s] -- Up-to-date symlink: /home/orinnano004/ros2wk1/install/ydlidar_ros2_driver/share/ydlidar_ros2_driver/cmake/ydlidar_ros2_driverConfig.cmake
[0.363s] -- Up-to-date symlink: /home/orinnano004/ros2wk1/install/ydlidar_ros2_driver/share/ydlidar_ros2_driver/cmake/ydlidar_ros2_driverConfig-version.cmake
[0.363s] -- Up-to-date symlink: /home/orinnano004/ros2wk1/install/ydlidar_ros2_driver/share/ydlidar_ros2_driver/package.xml
[0.369s] Invoked command in '/home/orinnano004/ros2wk1/build/ydlidar_ros2_driver' returned '0': CMAKE_PREFIX_PATH=/opt/ros/foxy /usr/bin/cmake --install /home/orinnano004/ros2wk1/build/ydlidar_ros2_driver
