[0.052s] Invoking command in '/home/orinnano004/ros2wk1/build/ydlidar_ros2_driver': CMAKE_PREFIX_PATH=${CMAKE_PREFIX_PATH}:/opt/ros/foxy /usr/bin/cmake --build /home/orinnano004/ros2wk1/build/ydlidar_ros2_driver -- -j6 -l6
[0.177s] [ 50%] Built target ydlidar_ros2_driver_client
[0.177s] [100%] Built target ydlidar_ros2_driver_node
[0.203s] Invoked command in '/home/orinnano004/ros2wk1/build/ydlidar_ros2_driver' returned '0': CMAKE_PREFIX_PATH=${CMAKE_PREFIX_PATH}:/opt/ros/foxy /usr/bin/cmake --build /home/orinnano004/ros2wk1/build/ydlidar_ros2_driver -- -j6 -l6
[0.302s] Invoking command in '/home/orinnano004/ros2wk1/build/ydlidar_ros2_driver': CMAKE_PREFIX_PATH=${CMAKE_PREFIX_PATH}:/opt/ros/foxy /usr/bin/cmake --install /home/orinnano004/ros2wk1/build/ydlidar_ros2_driver
[0.320s] -- Install configuration: ""
[0.321s] -- Execute custom install script
[0.322s] -- Up-to-date symlink: /home/orinnano004/ros2wk1/install/ydlidar_ros2_driver/lib/ydlidar_ros2_driver/ydlidar_ros2_driver_node
[0.322s] -- Up-to-date symlink: /home/orinnano004/ros2wk1/install/ydlidar_ros2_driver/lib/ydlidar_ros2_driver/ydlidar_ros2_driver_client
[0.323s] -- Up-to-date symlink: /home/orinnano004/ros2wk1/install/ydlidar_ros2_driver/share/ydlidar_ros2_driver/launch/ydlidar.py
[0.324s] -- Symlinking: /home/orinnano004/ros2wk1/install/ydlidar_ros2_driver/share/ydlidar_ros2_driver/launch/ydlidar_cartographer.launch.py
[0.342s] -- Up-to-date symlink: /home/orinnano004/ros2wk1/install/ydlidar_ros2_driver/share/ydlidar_ros2_driver/launch/ydlidar_launch.py
[0.342s] -- Up-to-date symlink: /home/orinnano004/ros2wk1/install/ydlidar_ros2_driver/share/ydlidar_ros2_driver/launch/ydlidar_launch_view.py
[0.343s] -- Up-to-date symlink: /home/orinnano004/ros2wk1/install/ydlidar_ros2_driver/share/ydlidar_ros2_driver/params/G1.yaml
[0.344s] -- Up-to-date symlink: /home/orinnano004/ros2wk1/install/ydlidar_ros2_driver/share/ydlidar_ros2_driver/params/G2.yaml
[0.344s] -- Up-to-date symlink: /home/orinnano004/ros2wk1/install/ydlidar_ros2_driver/share/ydlidar_ros2_driver/params/G6.yaml
[0.345s] -- Up-to-date symlink: /home/orinnano004/ros2wk1/install/ydlidar_ros2_driver/share/ydlidar_ros2_driver/params/TG.yaml
[0.345s] -- Up-to-date symlink: /home/orinnano004/ros2wk1/install/ydlidar_ros2_driver/share/ydlidar_ros2_driver/params/TminiPro.yaml
[0.345s] -- Up-to-date symlink: /home/orinnano004/ros2wk1/install/ydlidar_ros2_driver/share/ydlidar_ros2_driver/params/X2.yaml
[0.346s] -- Up-to-date symlink: /home/orinnano004/ros2wk1/install/ydlidar_ros2_driver/share/ydlidar_ros2_driver/params/X4-Pro.yaml
[0.346s] -- Up-to-date symlink: /home/orinnano004/ros2wk1/install/ydlidar_ros2_driver/share/ydlidar_ros2_driver/params/X4.yaml
[0.346s] -- Up-to-date symlink: /home/orinnano004/ros2wk1/install/ydlidar_ros2_driver/share/ydlidar_ros2_driver/params/ydlidar (copy).yaml
[0.346s] -- Up-to-date symlink: /home/orinnano004/ros2wk1/install/ydlidar_ros2_driver/share/ydlidar_ros2_driver/params/ydlidar.yaml
[0.346s] -- Up-to-date symlink: /home/orinnano004/ros2wk1/install/ydlidar_ros2_driver/share/ydlidar_ros2_driver/startup/initenv.sh
[0.347s] -- Up-to-date symlink: /home/orinnano004/ros2wk1/install/ydlidar_ros2_driver/share/ydlidar_ros2_driver/config/ydlidar.rviz
[0.347s] -- Symlinking: /home/orinnano004/ros2wk1/install/ydlidar_ros2_driver/share/ydlidar_ros2_driver/config/ydlidar_cartographer.lua
[0.365s] -- Symlinking: /home/orinnano004/ros2wk1/install/ydlidar_ros2_driver/share/ydlidar_ros2_driver/config/ydlidar_cartographer.rviz
[0.385s] -- Up-to-date symlink: /home/orinnano004/ros2wk1/install/ydlidar_ros2_driver/share/ament_index/resource_index/package_run_dependencies/ydlidar_ros2_driver
[0.385s] -- Up-to-date symlink: /home/orinnano004/ros2wk1/install/ydlidar_ros2_driver/share/ament_index/resource_index/parent_prefix_path/ydlidar_ros2_driver
[0.385s] -- Up-to-date symlink: /home/orinnano004/ros2wk1/install/ydlidar_ros2_driver/share/ydlidar_ros2_driver/environment/ament_prefix_path.sh
[0.385s] -- Up-to-date symlink: /home/orinnano004/ros2wk1/install/ydlidar_ros2_driver/share/ydlidar_ros2_driver/environment/ament_prefix_path.dsv
[0.386s] -- Up-to-date symlink: /home/orinnano004/ros2wk1/install/ydlidar_ros2_driver/share/ydlidar_ros2_driver/environment/path.sh
[0.387s] -- Up-to-date symlink: /home/orinnano004/ros2wk1/install/ydlidar_ros2_driver/share/ydlidar_ros2_driver/environment/path.dsv
[0.387s] -- Up-to-date symlink: /home/orinnano004/ros2wk1/install/ydlidar_ros2_driver/share/ydlidar_ros2_driver/local_setup.bash
[0.388s] -- Up-to-date symlink: /home/orinnano004/ros2wk1/install/ydlidar_ros2_driver/share/ydlidar_ros2_driver/local_setup.sh
[0.388s] -- Up-to-date symlink: /home/orinnano004/ros2wk1/install/ydlidar_ros2_driver/share/ydlidar_ros2_driver/local_setup.zsh
[0.389s] -- Up-to-date symlink: /home/orinnano004/ros2wk1/install/ydlidar_ros2_driver/share/ydlidar_ros2_driver/local_setup.dsv
[0.389s] -- Symlinking: /home/orinnano004/ros2wk1/install/ydlidar_ros2_driver/share/ydlidar_ros2_driver/package.dsv
[0.409s] -- Up-to-date symlink: /home/orinnano004/ros2wk1/install/ydlidar_ros2_driver/share/ament_index/resource_index/packages/ydlidar_ros2_driver
[0.410s] -- Up-to-date symlink: /home/orinnano004/ros2wk1/install/ydlidar_ros2_driver/share/ydlidar_ros2_driver/cmake/ydlidar_ros2_driverConfig.cmake
[0.411s] -- Up-to-date symlink: /home/orinnano004/ros2wk1/install/ydlidar_ros2_driver/share/ydlidar_ros2_driver/cmake/ydlidar_ros2_driverConfig-version.cmake
[0.411s] -- Up-to-date symlink: /home/orinnano004/ros2wk1/install/ydlidar_ros2_driver/share/ydlidar_ros2_driver/package.xml
[0.415s] Invoked command in '/home/orinnano004/ros2wk1/build/ydlidar_ros2_driver' returned '0': CMAKE_PREFIX_PATH=${CMAKE_PREFIX_PATH}:/opt/ros/foxy /usr/bin/cmake --install /home/orinnano004/ros2wk1/build/ydlidar_ros2_driver
