CMake Deprecation Warning at CMakeLists.txt:50 (cmake_policy):
  The OLD behavior for policy CMP0053 will be removed from a future version
  of CMake.

  The cmake-policies(7) manual explains that the OLD behaviors of all
  policies are deprecated and that a policy should be set to OLD only under
  specific short-term circumstances.  Projects should be ported to the NEW
  behavior and not rely on setting a policy to OLD.


CMake Deprecation Warning at CMakeLists.txt:53 (cmake_policy):
  The OLD behavior for policy CMP0037 will be removed from a future version
  of CMake.

  The cmake-policies(7) manual explains that the OLD behaviors of all
  policies are deprecated and that a policy should be set to OLD only under
  specific short-term circumstances.  Projects should be ported to the NEW
  behavior and not rely on setting a policy to OLD.


CMake Deprecation Warning at CMakeLists.txt:56 (cmake_policy):
  The OLD behavior for policy CMP0043 will be removed from a future version
  of CMake.

  The cmake-policies(7) manual explains that the OLD behaviors of all
  policies are deprecated and that a policy should be set to OLD only under
  specific short-term circumstances.  Projects should be ported to the NEW
  behavior and not rely on setting a policy to OLD.


CMake Deprecation Warning at cmake/install_package.cmake:101 (cmake_policy):
  The OLD behavior for policy CMP0026 will be removed from a future version
  of CMake.

  The cmake-policies(7) manual explains that the OLD behaviors of all
  policies are deprecated and that a policy should be set to OLD only under
  specific short-term circumstances.  Projects should be ported to the NEW
  behavior and not rely on setting a policy to OLD.
Call Stack (most recent call first):
  CMakeLists.txt:168 (install_package)


CMake Warning (dev) at cmake/install_package.cmake:191 (install):
  Policy CMP0062 is not set: Disallow install() of export() result.  Run
  "cmake --help-policy CMP0062" for policy details.  Use the cmake_policy
  command to set the policy and suppress this warning.

  The file

    /home/orinnano004/ros2wk1/build/ydlidar_sdk/ydlidar_sdkTargets.cmake

  was generated by the export() command.  It should not be installed with the
  install() command.  Use the install(EXPORT) mechanism instead.  See the
  cmake-packages(7) manual for more.

Call Stack (most recent call first):
  CMakeLists.txt:168 (install_package)
This warning is for project developers.  Use -Wno-dev to suppress it.

In file included from [01m[K/home/orinnano004/ros2wk1/YDLidar-SDK/core/serial/common.h:45[m[K,
                 from [01m[K/home/orinnano004/ros2wk1/YDLidar-SDK/core/serial/serial.cpp:12[m[K:
[01m[K/home/orinnano004/ros2wk1/YDLidar-SDK/./core/base/thread.h:[m[K In member function ‘[01m[Kint ydlidar::core::base::Thread::join(long unsigned int)[m[K’:
[01m[K/home/orinnano004/ros2wk1/YDLidar-SDK/./core/base/thread.h:136:46:[m[K [01;35m[Kwarning: [m[Kformat ‘[01m[K%X[m[K’ expects argument of type ‘[01m[Kunsigned int[m[K’, but argument 2 has type ‘[01m[K_size_t[m[K’ {aka ‘[01m[Klong unsigned int[m[K’} [[01;35m[K-Wformat=[m[K]
  136 |           printf("[YDLIDAR DEBUG] Thread [0x[01;35m[K%X[m[K] ready to cancel[%d]\n", [32m[K_handle[m[K, s);
      |                                             [01;35m[K~^[m[K                          [32m[K~~~~~~~[m[K
      |                                              [01;35m[K|[m[K                          [32m[K|[m[K
      |                                              [01;35m[Kunsigned int[m[K               [32m[K_size_t {aka long unsigned int}[m[K
      |                                             [32m[K%lX[m[K
[01m[K/home/orinnano004/ros2wk1/YDLidar-SDK/./core/base/thread.h:138:46:[m[K [01;35m[Kwarning: [m[Kformat ‘[01m[K%X[m[K’ expects argument of type ‘[01m[Kunsigned int[m[K’, but argument 2 has type ‘[01m[K_size_t[m[K’ {aka ‘[01m[Klong unsigned int[m[K’} [[01;35m[K-Wformat=[m[K]
  138 |           printf("[YDLIDAR DEBUG] Thread [0x[01;35m[K%X[m[K] ready to cancel[%d] time[%u]\n",
      |                                             [01;35m[K~^[m[K
      |                                              [01;35m[K|[m[K
      |                                              [01;35m[Kunsigned int[m[K
      |                                             [32m[K%lX[m[K
  139 |             [32m[K_handle[m[K, s, getms() - t);
      |             [32m[K~~~~~~~[m[K                           
      |             [32m[K|[m[K
      |             [32m[K_size_t {aka long unsigned int}[m[K
[01m[K/home/orinnano004/ros2wk1/YDLidar-SDK/./core/base/thread.h:142:42:[m[K [01;35m[Kwarning: [m[Kformat ‘[01m[K%X[m[K’ expects argument of type ‘[01m[Kunsigned int[m[K’, but argument 2 has type ‘[01m[K_size_t[m[K’ {aka ‘[01m[Klong unsigned int[m[K’} [[01;35m[K-Wformat=[m[K]
  142 |             printf("[YDLIDAR] Thread [0x[01;35m[K%X[m[K] has been canceled in other thread\n", [32m[K_handle[m[K);
      |                                         [01;35m[K~^[m[K                                        [32m[K~~~~~~~[m[K
      |                                          [01;35m[K|[m[K                                        [32m[K|[m[K
      |                                          [01;35m[Kunsigned int[m[K                             [32m[K_size_t {aka long unsigned int}[m[K
      |                                         [32m[K%lX[m[K
[01m[K/home/orinnano004/ros2wk1/YDLidar-SDK/./core/base/thread.h:147:74:[m[K [01;35m[Kwarning: [m[Kformat ‘[01m[K%X[m[K’ expects argument of type ‘[01m[Kunsigned int[m[K’, but argument 3 has type ‘[01m[K_size_t[m[K’ {aka ‘[01m[Klong unsigned int[m[K’} [[01;35m[K-Wformat=[m[K]
  147 |             fprintf(stderr, "[YDLIDAR] An error occurred while thread[0x[01;35m[K%X[m[K] cancelled!\n", [32m[K_handle[m[K);
      |                                                                         [01;35m[K~^[m[K                 [32m[K~~~~~~~[m[K
      |                                                                          [01;35m[K|[m[K                 [32m[K|[m[K
      |                                                                          [01;35m[Kunsigned int[m[K      [32m[K_size_t {aka long unsigned int}[m[K
      |                                                                         [32m[K%lX[m[K
[01m[K/home/orinnano004/ros2wk1/YDLidar-SDK/./core/base/thread.h:151:40:[m[K [01;35m[Kwarning: [m[Kformat ‘[01m[K%X[m[K’ expects argument of type ‘[01m[Kunsigned int[m[K’, but argument 2 has type ‘[01m[K_size_t[m[K’ {aka ‘[01m[Klong unsigned int[m[K’} [[01;35m[K-Wformat=[m[K]
  151 |           printf("[YDLIDAR] Thread [0x[01;35m[K%X[m[K] has been canceled\n", [32m[K_handle[m[K);
      |                                       [01;35m[K~^[m[K                        [32m[K~~~~~~~[m[K
      |                                        [01;35m[K|[m[K                        [32m[K|[m[K
      |                                        [01;35m[Kunsigned int[m[K             [32m[K_size_t {aka long unsigned int}[m[K
      |                                       [32m[K%lX[m[K
In file included from [01m[K/home/orinnano004/ros2wk1/YDLidar-SDK/./core/common/DriverInterface.h:3[m[K,
                 from [01m[K/home/orinnano004/ros2wk1/YDLidar-SDK/src/CYdLidar.h:48[m[K,
                 from [01m[K/home/orinnano004/ros2wk1/YDLidar-SDK/src/CYdLidar.cpp:29[m[K:
[01m[K/home/orinnano004/ros2wk1/YDLidar-SDK/./core/base/thread.h:[m[K In member function ‘[01m[Kint ydlidar::core::base::Thread::join(long unsigned int)[m[K’:
[01m[K/home/orinnano004/ros2wk1/YDLidar-SDK/./core/base/thread.h:136:46:[m[K [01;35m[Kwarning: [m[Kformat ‘[01m[K%X[m[K’ expects argument of type ‘[01m[Kunsigned int[m[K’, but argument 2 has type ‘[01m[K_size_t[m[K’ {aka ‘[01m[Klong unsigned int[m[K’} [[01;35m[K-Wformat=[m[K]
  136 |           printf("[YDLIDAR DEBUG] Thread [0x[01;35m[K%X[m[K] ready to cancel[%d]\n", [32m[K_handle[m[K, s);
      |                                             [01;35m[K~^[m[K                          [32m[K~~~~~~~[m[K
      |                                              [01;35m[K|[m[K                          [32m[K|[m[K
      |                                              [01;35m[Kunsigned int[m[K               [32m[K_size_t {aka long unsigned int}[m[K
      |                                             [32m[K%lX[m[K
[01m[K/home/orinnano004/ros2wk1/YDLidar-SDK/./core/base/thread.h:138:46:[m[K [01;35m[Kwarning: [m[Kformat ‘[01m[K%X[m[K’ expects argument of type ‘[01m[Kunsigned int[m[K’, but argument 2 has type ‘[01m[K_size_t[m[K’ {aka ‘[01m[Klong unsigned int[m[K’} [[01;35m[K-Wformat=[m[K]
  138 |           printf("[YDLIDAR DEBUG] Thread [0x[01;35m[K%X[m[K] ready to cancel[%d] time[%u]\n",
      |                                             [01;35m[K~^[m[K
      |                                              [01;35m[K|[m[K
      |                                              [01;35m[Kunsigned int[m[K
      |                                             [32m[K%lX[m[K
  139 |             [32m[K_handle[m[K, s, getms() - t);
      |             [32m[K~~~~~~~[m[K                           
      |             [32m[K|[m[K
      |             [32m[K_size_t {aka long unsigned int}[m[K
[01m[K/home/orinnano004/ros2wk1/YDLidar-SDK/./core/base/thread.h:142:42:[m[K [01;35m[Kwarning: [m[Kformat ‘[01m[K%X[m[K’ expects argument of type ‘[01m[Kunsigned int[m[K’, but argument 2 has type ‘[01m[K_size_t[m[K’ {aka ‘[01m[Klong unsigned int[m[K’} [[01;35m[K-Wformat=[m[K]
  142 |             printf("[YDLIDAR] Thread [0x[01;35m[K%X[m[K] has been canceled in other thread\n", [32m[K_handle[m[K);
      |                                         [01;35m[K~^[m[K                                        [32m[K~~~~~~~[m[K
      |                                          [01;35m[K|[m[K                                        [32m[K|[m[K
      |                                          [01;35m[Kunsigned int[m[K                             [32m[K_size_t {aka long unsigned int}[m[K
      |                                         [32m[K%lX[m[K
[01m[K/home/orinnano004/ros2wk1/YDLidar-SDK/./core/base/thread.h:147:74:[m[K [01;35m[Kwarning: [m[Kformat ‘[01m[K%X[m[K’ expects argument of type ‘[01m[Kunsigned int[m[K’, but argument 3 has type ‘[01m[K_size_t[m[K’ {aka ‘[01m[Klong unsigned int[m[K’} [[01;35m[K-Wformat=[m[K]
  147 |             fprintf(stderr, "[YDLIDAR] An error occurred while thread[0x[01;35m[K%X[m[K] cancelled!\n", [32m[K_handle[m[K);
      |                                                                         [01;35m[K~^[m[K                 [32m[K~~~~~~~[m[K
      |                                                                          [01;35m[K|[m[K                 [32m[K|[m[K
      |                                                                          [01;35m[Kunsigned int[m[K      [32m[K_size_t {aka long unsigned int}[m[K
      |                                                                         [32m[K%lX[m[K
[01m[K/home/orinnano004/ros2wk1/YDLidar-SDK/./core/base/thread.h:151:40:[m[K [01;35m[Kwarning: [m[Kformat ‘[01m[K%X[m[K’ expects argument of type ‘[01m[Kunsigned int[m[K’, but argument 2 has type ‘[01m[K_size_t[m[K’ {aka ‘[01m[Klong unsigned int[m[K’} [[01;35m[K-Wformat=[m[K]
  151 |           printf("[YDLIDAR] Thread [0x[01;35m[K%X[m[K] has been canceled\n", [32m[K_handle[m[K);
      |                                       [01;35m[K~^[m[K                        [32m[K~~~~~~~[m[K
      |                                        [01;35m[K|[m[K                        [32m[K|[m[K
      |                                        [01;35m[Kunsigned int[m[K             [32m[K_size_t {aka long unsigned int}[m[K
      |                                       [32m[K%lX[m[K
In file included from [01m[K/home/orinnano004/ros2wk1/YDLidar-SDK/src/ETLidarDriver.h:46[m[K,
                 from [01m[K/home/orinnano004/ros2wk1/YDLidar-SDK/src/ETLidarDriver.cpp:32[m[K:
[01m[K/home/orinnano004/ros2wk1/YDLidar-SDK/./core/base/thread.h:[m[K In member function ‘[01m[Kint ydlidar::core::base::Thread::join(long unsigned int)[m[K’:
[01m[K/home/orinnano004/ros2wk1/YDLidar-SDK/./core/base/thread.h:136:46:[m[K [01;35m[Kwarning: [m[Kformat ‘[01m[K%X[m[K’ expects argument of type ‘[01m[Kunsigned int[m[K’, but argument 2 has type ‘[01m[K_size_t[m[K’ {aka ‘[01m[Klong unsigned int[m[K’} [[01;35m[K-Wformat=[m[K]
  136 |           printf("[YDLIDAR DEBUG] Thread [0x[01;35m[K%X[m[K] ready to cancel[%d]\n", [32m[K_handle[m[K, s);
      |                                             [01;35m[K~^[m[K                          [32m[K~~~~~~~[m[K
      |                                              [01;35m[K|[m[K                          [32m[K|[m[K
      |                                              [01;35m[Kunsigned int[m[K               [32m[K_size_t {aka long unsigned int}[m[K
      |                                             [32m[K%lX[m[K
[01m[K/home/orinnano004/ros2wk1/YDLidar-SDK/./core/base/thread.h:138:46:[m[K [01;35m[Kwarning: [m[Kformat ‘[01m[K%X[m[K’ expects argument of type ‘[01m[Kunsigned int[m[K’, but argument 2 has type ‘[01m[K_size_t[m[K’ {aka ‘[01m[Klong unsigned int[m[K’} [[01;35m[K-Wformat=[m[K]
  138 |           printf("[YDLIDAR DEBUG] Thread [0x[01;35m[K%X[m[K] ready to cancel[%d] time[%u]\n",
      |                                             [01;35m[K~^[m[K
      |                                              [01;35m[K|[m[K
      |                                              [01;35m[Kunsigned int[m[K
      |                                             [32m[K%lX[m[K
  139 |             [32m[K_handle[m[K, s, getms() - t);
      |             [32m[K~~~~~~~[m[K                           
      |             [32m[K|[m[K
      |             [32m[K_size_t {aka long unsigned int}[m[K
[01m[K/home/orinnano004/ros2wk1/YDLidar-SDK/./core/base/thread.h:142:42:[m[K [01;35m[Kwarning: [m[Kformat ‘[01m[K%X[m[K’ expects argument of type ‘[01m[Kunsigned int[m[K’, but argument 2 has type ‘[01m[K_size_t[m[K’ {aka ‘[01m[Klong unsigned int[m[K’} [[01;35m[K-Wformat=[m[K]
  142 |             printf("[YDLIDAR] Thread [0x[01;35m[K%X[m[K] has been canceled in other thread\n", [32m[K_handle[m[K);
      |                                         [01;35m[K~^[m[K                                        [32m[K~~~~~~~[m[K
      |                                          [01;35m[K|[m[K                                        [32m[K|[m[K
      |                                          [01;35m[Kunsigned int[m[K                             [32m[K_size_t {aka long unsigned int}[m[K
      |                                         [32m[K%lX[m[K
[01m[K/home/orinnano004/ros2wk1/YDLidar-SDK/./core/base/thread.h:147:74:[m[K [01;35m[Kwarning: [m[Kformat ‘[01m[K%X[m[K’ expects argument of type ‘[01m[Kunsigned int[m[K’, but argument 3 has type ‘[01m[K_size_t[m[K’ {aka ‘[01m[Klong unsigned int[m[K’} [[01;35m[K-Wformat=[m[K]
  147 |             fprintf(stderr, "[YDLIDAR] An error occurred while thread[0x[01;35m[K%X[m[K] cancelled!\n", [32m[K_handle[m[K);
      |                                                                         [01;35m[K~^[m[K                 [32m[K~~~~~~~[m[K
      |                                                                          [01;35m[K|[m[K                 [32m[K|[m[K
      |                                                                          [01;35m[Kunsigned int[m[K      [32m[K_size_t {aka long unsigned int}[m[K
      |                                                                         [32m[K%lX[m[K
[01m[K/home/orinnano004/ros2wk1/YDLidar-SDK/./core/base/thread.h:151:40:[m[K [01;35m[Kwarning: [m[Kformat ‘[01m[K%X[m[K’ expects argument of type ‘[01m[Kunsigned int[m[K’, but argument 2 has type ‘[01m[K_size_t[m[K’ {aka ‘[01m[Klong unsigned int[m[K’} [[01;35m[K-Wformat=[m[K]
  151 |           printf("[YDLIDAR] Thread [0x[01;35m[K%X[m[K] has been canceled\n", [32m[K_handle[m[K);
      |                                       [01;35m[K~^[m[K                        [32m[K~~~~~~~[m[K
      |                                        [01;35m[K|[m[K                        [32m[K|[m[K
      |                                        [01;35m[Kunsigned int[m[K             [32m[K_size_t {aka long unsigned int}[m[K
      |                                       [32m[K%lX[m[K
In file included from [01m[K/home/orinnano004/ros2wk1/YDLidar-SDK/src/GSLidarDriver.h:57[m[K,
                 from [01m[K/home/orinnano004/ros2wk1/YDLidar-SDK/src/GSLidarDriver.cpp:35[m[K:
[01m[K/home/orinnano004/ros2wk1/YDLidar-SDK/./core/base/thread.h:[m[K In member function ‘[01m[Kint ydlidar::core::base::Thread::join(long unsigned int)[m[K’:
[01m[K/home/orinnano004/ros2wk1/YDLidar-SDK/./core/base/thread.h:136:46:[m[K [01;35m[Kwarning: [m[Kformat ‘[01m[K%X[m[K’ expects argument of type ‘[01m[Kunsigned int[m[K’, but argument 2 has type ‘[01m[K_size_t[m[K’ {aka ‘[01m[Klong unsigned int[m[K’} [[01;35m[K-Wformat=[m[K]
  136 |           printf("[YDLIDAR DEBUG] Thread [0x[01;35m[K%X[m[K] ready to cancel[%d]\n", [32m[K_handle[m[K, s);
      |                                             [01;35m[K~^[m[K                          [32m[K~~~~~~~[m[K
      |                                              [01;35m[K|[m[K                          [32m[K|[m[K
      |                                              [01;35m[Kunsigned int[m[K               [32m[K_size_t {aka long unsigned int}[m[K
      |                                             [32m[K%lX[m[K
[01m[K/home/orinnano004/ros2wk1/YDLidar-SDK/./core/base/thread.h:138:46:[m[K [01;35m[Kwarning: [m[Kformat ‘[01m[K%X[m[K’ expects argument of type ‘[01m[Kunsigned int[m[K’, but argument 2 has type ‘[01m[K_size_t[m[K’ {aka ‘[01m[Klong unsigned int[m[K’} [[01;35m[K-Wformat=[m[K]
  138 |           printf("[YDLIDAR DEBUG] Thread [0x[01;35m[K%X[m[K] ready to cancel[%d] time[%u]\n",
      |                                             [01;35m[K~^[m[K
      |                                              [01;35m[K|[m[K
      |                                              [01;35m[Kunsigned int[m[K
      |                                             [32m[K%lX[m[K
  139 |             [32m[K_handle[m[K, s, getms() - t);
      |             [32m[K~~~~~~~[m[K                           
      |             [32m[K|[m[K
      |             [32m[K_size_t {aka long unsigned int}[m[K
[01m[K/home/orinnano004/ros2wk1/YDLidar-SDK/./core/base/thread.h:142:42:[m[K [01;35m[Kwarning: [m[Kformat ‘[01m[K%X[m[K’ expects argument of type ‘[01m[Kunsigned int[m[K’, but argument 2 has type ‘[01m[K_size_t[m[K’ {aka ‘[01m[Klong unsigned int[m[K’} [[01;35m[K-Wformat=[m[K]
  142 |             printf("[YDLIDAR] Thread [0x[01;35m[K%X[m[K] has been canceled in other thread\n", [32m[K_handle[m[K);
      |                                         [01;35m[K~^[m[K                                        [32m[K~~~~~~~[m[K
      |                                          [01;35m[K|[m[K                                        [32m[K|[m[K
      |                                          [01;35m[Kunsigned int[m[K                             [32m[K_size_t {aka long unsigned int}[m[K
      |                                         [32m[K%lX[m[K
[01m[K/home/orinnano004/ros2wk1/YDLidar-SDK/./core/base/thread.h:147:74:[m[K [01;35m[Kwarning: [m[Kformat ‘[01m[K%X[m[K’ expects argument of type ‘[01m[Kunsigned int[m[K’, but argument 3 has type ‘[01m[K_size_t[m[K’ {aka ‘[01m[Klong unsigned int[m[K’} [[01;35m[K-Wformat=[m[K]
  147 |             fprintf(stderr, "[YDLIDAR] An error occurred while thread[0x[01;35m[K%X[m[K] cancelled!\n", [32m[K_handle[m[K);
      |                                                                         [01;35m[K~^[m[K                 [32m[K~~~~~~~[m[K
      |                                                                          [01;35m[K|[m[K                 [32m[K|[m[K
      |                                                                          [01;35m[Kunsigned int[m[K      [32m[K_size_t {aka long unsigned int}[m[K
      |                                                                         [32m[K%lX[m[K
[01m[K/home/orinnano004/ros2wk1/YDLidar-SDK/./core/base/thread.h:151:40:[m[K [01;35m[Kwarning: [m[Kformat ‘[01m[K%X[m[K’ expects argument of type ‘[01m[Kunsigned int[m[K’, but argument 2 has type ‘[01m[K_size_t[m[K’ {aka ‘[01m[Klong unsigned int[m[K’} [[01;35m[K-Wformat=[m[K]
  151 |           printf("[YDLIDAR] Thread [0x[01;35m[K%X[m[K] has been canceled\n", [32m[K_handle[m[K);
      |                                       [01;35m[K~^[m[K                        [32m[K~~~~~~~[m[K
      |                                        [01;35m[K|[m[K                        [32m[K|[m[K
      |                                        [01;35m[Kunsigned int[m[K             [32m[K_size_t {aka long unsigned int}[m[K
      |                                       [32m[K%lX[m[K
[01m[K/home/orinnano004/ros2wk1/YDLidar-SDK/src/GSLidarDriver.cpp:[m[K In member function ‘[01m[Kresult_t ydlidar::GSLidarDriver::waitPackage(node_info*, uint32_t)[m[K’:
[01m[K/home/orinnano004/ros2wk1/YDLidar-SDK/src/GSLidarDriver.cpp:863:80:[m[K [01;35m[Kwarning: [m[Ktaking address of packed member of ‘[01m[Knode_info[m[K’ may result in an unaligned pointer value [[01;35m[K-Waddress-of-packed-member[m[K]
  863 |                 angTransform((*node).dist, package_Sample_Index, &sampleAngle, [01;35m[K&(*node).dist[m[K);
      |                                                                                [01;35m[K^~~~~~~~~~~~~[m[K
[01m[K/home/orinnano004/ros2wk1/YDLidar-SDK/src/GSLidarDriver.cpp:865:81:[m[K [01;35m[Kwarning: [m[Ktaking address of packed member of ‘[01m[Knode_info[m[K’ may result in an unaligned pointer value [[01;35m[K-Waddress-of-packed-member[m[K]
  865 |                 angTransform2((*node).dist, package_Sample_Index, &sampleAngle, [01;35m[K&(*node).dist[m[K);
      |                                                                                 [01;35m[K^~~~~~~~~~~~~[m[K
[01m[K/home/orinnano004/ros2wk1/YDLidar-SDK/src/GSLidarDriver.cpp:[m[K In member function ‘[01m[Kresult_t ydlidar::GSLidarDriver::createThread()[m[K’:
[01m[K/home/orinnano004/ros2wk1/YDLidar-SDK/src/GSLidarDriver.cpp:1455:45:[m[K [01;35m[Kwarning: [m[Kformat ‘[01m[K%X[m[K’ expects argument of type ‘[01m[Kunsigned int[m[K’, but argument 2 has type ‘[01m[K_size_t[m[K’ {aka ‘[01m[Klong unsigned int[m[K’} [[01;35m[K-Wformat=[m[K]
 1455 |     printf("[GS2Lidar] Create GS2 thread 0x[01;35m[K%X[m[K\n", [32m[K_thread.getHandle()[m[K);
      |                                            [01;35m[K~^[m[K     [32m[K~~~~~~~~~~~~~~~~~~~[m[K
      |                                             [01;35m[K|[m[K                      [32m[K|[m[K
      |                                             [01;35m[Kunsigned int[m[K           [32m[K_size_t {aka long unsigned int}[m[K
      |                                            [32m[K%lX[m[K
In file included from [01m[K/home/orinnano004/ros2wk1/YDLidar-SDK/src/SDMLidarDriver.h:57[m[K,
                 from [01m[K/home/orinnano004/ros2wk1/YDLidar-SDK/src/SDMLidarDriver.cpp:35[m[K:
[01m[K/home/orinnano004/ros2wk1/YDLidar-SDK/./core/base/thread.h:[m[K In member function ‘[01m[Kint ydlidar::core::base::Thread::join(long unsigned int)[m[K’:
[01m[K/home/orinnano004/ros2wk1/YDLidar-SDK/./core/base/thread.h:136:46:[m[K [01;35m[Kwarning: [m[Kformat ‘[01m[K%X[m[K’ expects argument of type ‘[01m[Kunsigned int[m[K’, but argument 2 has type ‘[01m[K_size_t[m[K’ {aka ‘[01m[Klong unsigned int[m[K’} [[01;35m[K-Wformat=[m[K]
  136 |           printf("[YDLIDAR DEBUG] Thread [0x[01;35m[K%X[m[K] ready to cancel[%d]\n", [32m[K_handle[m[K, s);
      |                                             [01;35m[K~^[m[K                          [32m[K~~~~~~~[m[K
      |                                              [01;35m[K|[m[K                          [32m[K|[m[K
      |                                              [01;35m[Kunsigned int[m[K               [32m[K_size_t {aka long unsigned int}[m[K
      |                                             [32m[K%lX[m[K
[01m[K/home/orinnano004/ros2wk1/YDLidar-SDK/./core/base/thread.h:138:46:[m[K [01;35m[Kwarning: [m[Kformat ‘[01m[K%X[m[K’ expects argument of type ‘[01m[Kunsigned int[m[K’, but argument 2 has type ‘[01m[K_size_t[m[K’ {aka ‘[01m[Klong unsigned int[m[K’} [[01;35m[K-Wformat=[m[K]
  138 |           printf("[YDLIDAR DEBUG] Thread [0x[01;35m[K%X[m[K] ready to cancel[%d] time[%u]\n",
      |                                             [01;35m[K~^[m[K
      |                                              [01;35m[K|[m[K
      |                                              [01;35m[Kunsigned int[m[K
      |                                             [32m[K%lX[m[K
  139 |             [32m[K_handle[m[K, s, getms() - t);
      |             [32m[K~~~~~~~[m[K                           
      |             [32m[K|[m[K
      |             [32m[K_size_t {aka long unsigned int}[m[K
[01m[K/home/orinnano004/ros2wk1/YDLidar-SDK/./core/base/thread.h:142:42:[m[K [01;35m[Kwarning: [m[Kformat ‘[01m[K%X[m[K’ expects argument of type ‘[01m[Kunsigned int[m[K’, but argument 2 has type ‘[01m[K_size_t[m[K’ {aka ‘[01m[Klong unsigned int[m[K’} [[01;35m[K-Wformat=[m[K]
  142 |             printf("[YDLIDAR] Thread [0x[01;35m[K%X[m[K] has been canceled in other thread\n", [32m[K_handle[m[K);
      |                                         [01;35m[K~^[m[K                                        [32m[K~~~~~~~[m[K
      |                                          [01;35m[K|[m[K                                        [32m[K|[m[K
      |                                          [01;35m[Kunsigned int[m[K                             [32m[K_size_t {aka long unsigned int}[m[K
      |                                         [32m[K%lX[m[K
[01m[K/home/orinnano004/ros2wk1/YDLidar-SDK/./core/base/thread.h:147:74:[m[K [01;35m[Kwarning: [m[Kformat ‘[01m[K%X[m[K’ expects argument of type ‘[01m[Kunsigned int[m[K’, but argument 3 has type ‘[01m[K_size_t[m[K’ {aka ‘[01m[Klong unsigned int[m[K’} [[01;35m[K-Wformat=[m[K]
  147 |             fprintf(stderr, "[YDLIDAR] An error occurred while thread[0x[01;35m[K%X[m[K] cancelled!\n", [32m[K_handle[m[K);
      |                                                                         [01;35m[K~^[m[K                 [32m[K~~~~~~~[m[K
      |                                                                          [01;35m[K|[m[K                 [32m[K|[m[K
      |                                                                          [01;35m[Kunsigned int[m[K      [32m[K_size_t {aka long unsigned int}[m[K
      |                                                                         [32m[K%lX[m[K
[01m[K/home/orinnano004/ros2wk1/YDLidar-SDK/./core/base/thread.h:151:40:[m[K [01;35m[Kwarning: [m[Kformat ‘[01m[K%X[m[K’ expects argument of type ‘[01m[Kunsigned int[m[K’, but argument 2 has type ‘[01m[K_size_t[m[K’ {aka ‘[01m[Klong unsigned int[m[K’} [[01;35m[K-Wformat=[m[K]
  151 |           printf("[YDLIDAR] Thread [0x[01;35m[K%X[m[K] has been canceled\n", [32m[K_handle[m[K);
      |                                       [01;35m[K~^[m[K                        [32m[K~~~~~~~[m[K
      |                                        [01;35m[K|[m[K                        [32m[K|[m[K
      |                                        [01;35m[Kunsigned int[m[K             [32m[K_size_t {aka long unsigned int}[m[K
      |                                       [32m[K%lX[m[K
[01m[K/home/orinnano004/ros2wk1/YDLidar-SDK/src/SDMLidarDriver.cpp:[m[K In member function ‘[01m[Kresult_t ydlidar::SDMLidarDriver::createThread()[m[K’:
[01m[K/home/orinnano004/ros2wk1/YDLidar-SDK/src/SDMLidarDriver.cpp:812:44:[m[K [01;35m[Kwarning: [m[Kformat ‘[01m[K%X[m[K’ expects argument of type ‘[01m[Kunsigned int[m[K’, but argument 2 has type ‘[01m[K_size_t[m[K’ {aka ‘[01m[Klong unsigned int[m[K’} [[01;35m[K-Wformat=[m[K]
  812 |     printf("[YDLIDAR] Create SDM thread 0x[01;35m[K%X[m[K\n", [32m[K_thread.getHandle()[m[K);
      |                                           [01;35m[K~^[m[K     [32m[K~~~~~~~~~~~~~~~~~~~[m[K
      |                                            [01;35m[K|[m[K                      [32m[K|[m[K
      |                                            [01;35m[Kunsigned int[m[K           [32m[K_size_t {aka long unsigned int}[m[K
      |                                           [32m[K%lX[m[K
In file included from [01m[K/home/orinnano004/ros2wk1/YDLidar-SDK/./core/common/DriverInterface.h:3[m[K,
                 from [01m[K/home/orinnano004/ros2wk1/YDLidar-SDK/src/CYdLidar.h:48[m[K,
                 from [01m[K/home/orinnano004/ros2wk1/YDLidar-SDK/src/ydlidar_sdk.cpp:27[m[K:
[01m[K/home/orinnano004/ros2wk1/YDLidar-SDK/./core/base/thread.h:[m[K In member function ‘[01m[Kint ydlidar::core::base::Thread::join(long unsigned int)[m[K’:
[01m[K/home/orinnano004/ros2wk1/YDLidar-SDK/./core/base/thread.h:136:46:[m[K [01;35m[Kwarning: [m[Kformat ‘[01m[K%X[m[K’ expects argument of type ‘[01m[Kunsigned int[m[K’, but argument 2 has type ‘[01m[K_size_t[m[K’ {aka ‘[01m[Klong unsigned int[m[K’} [[01;35m[K-Wformat=[m[K]
  136 |           printf("[YDLIDAR DEBUG] Thread [0x[01;35m[K%X[m[K] ready to cancel[%d]\n", [32m[K_handle[m[K, s);
      |                                             [01;35m[K~^[m[K                          [32m[K~~~~~~~[m[K
      |                                              [01;35m[K|[m[K                          [32m[K|[m[K
      |                                              [01;35m[Kunsigned int[m[K               [32m[K_size_t {aka long unsigned int}[m[K
      |                                             [32m[K%lX[m[K
[01m[K/home/orinnano004/ros2wk1/YDLidar-SDK/./core/base/thread.h:138:46:[m[K [01;35m[Kwarning: [m[Kformat ‘[01m[K%X[m[K’ expects argument of type ‘[01m[Kunsigned int[m[K’, but argument 2 has type ‘[01m[K_size_t[m[K’ {aka ‘[01m[Klong unsigned int[m[K’} [[01;35m[K-Wformat=[m[K]
  138 |           printf("[YDLIDAR DEBUG] Thread [0x[01;35m[K%X[m[K] ready to cancel[%d] time[%u]\n",
      |                                             [01;35m[K~^[m[K
      |                                              [01;35m[K|[m[K
      |                                              [01;35m[Kunsigned int[m[K
      |                                             [32m[K%lX[m[K
  139 |             [32m[K_handle[m[K, s, getms() - t);
      |             [32m[K~~~~~~~[m[K                           
      |             [32m[K|[m[K
      |             [32m[K_size_t {aka long unsigned int}[m[K
[01m[K/home/orinnano004/ros2wk1/YDLidar-SDK/./core/base/thread.h:142:42:[m[K [01;35m[Kwarning: [m[Kformat ‘[01m[K%X[m[K’ expects argument of type ‘[01m[Kunsigned int[m[K’, but argument 2 has type ‘[01m[K_size_t[m[K’ {aka ‘[01m[Klong unsigned int[m[K’} [[01;35m[K-Wformat=[m[K]
  142 |             printf("[YDLIDAR] Thread [0x[01;35m[K%X[m[K] has been canceled in other thread\n", [32m[K_handle[m[K);
      |                                         [01;35m[K~^[m[K                                        [32m[K~~~~~~~[m[K
      |                                          [01;35m[K|[m[K                                        [32m[K|[m[K
      |                                          [01;35m[Kunsigned int[m[K                             [32m[K_size_t {aka long unsigned int}[m[K
      |                                         [32m[K%lX[m[K
[01m[K/home/orinnano004/ros2wk1/YDLidar-SDK/./core/base/thread.h:147:74:[m[K [01;35m[Kwarning: [m[Kformat ‘[01m[K%X[m[K’ expects argument of type ‘[01m[Kunsigned int[m[K’, but argument 3 has type ‘[01m[K_size_t[m[K’ {aka ‘[01m[Klong unsigned int[m[K’} [[01;35m[K-Wformat=[m[K]
  147 |             fprintf(stderr, "[YDLIDAR] An error occurred while thread[0x[01;35m[K%X[m[K] cancelled!\n", [32m[K_handle[m[K);
      |                                                                         [01;35m[K~^[m[K                 [32m[K~~~~~~~[m[K
      |                                                                          [01;35m[K|[m[K                 [32m[K|[m[K
      |                                                                          [01;35m[Kunsigned int[m[K      [32m[K_size_t {aka long unsigned int}[m[K
      |                                                                         [32m[K%lX[m[K
[01m[K/home/orinnano004/ros2wk1/YDLidar-SDK/./core/base/thread.h:151:40:[m[K [01;35m[Kwarning: [m[Kformat ‘[01m[K%X[m[K’ expects argument of type ‘[01m[Kunsigned int[m[K’, but argument 2 has type ‘[01m[K_size_t[m[K’ {aka ‘[01m[Klong unsigned int[m[K’} [[01;35m[K-Wformat=[m[K]
  151 |           printf("[YDLIDAR] Thread [0x[01;35m[K%X[m[K] has been canceled\n", [32m[K_handle[m[K);
      |                                       [01;35m[K~^[m[K                        [32m[K~~~~~~~[m[K
      |                                        [01;35m[K|[m[K                        [32m[K|[m[K
      |                                        [01;35m[Kunsigned int[m[K             [32m[K_size_t {aka long unsigned int}[m[K
      |                                       [32m[K%lX[m[K
In file included from [01m[K/home/orinnano004/ros2wk1/YDLidar-SDK/src/YDlidarDriver.h:46[m[K,
                 from [01m[K/home/orinnano004/ros2wk1/YDLidar-SDK/src/YDlidarDriver.cpp:26[m[K:
[01m[K/home/orinnano004/ros2wk1/YDLidar-SDK/./core/base/thread.h:[m[K In member function ‘[01m[Kint ydlidar::core::base::Thread::join(long unsigned int)[m[K’:
[01m[K/home/orinnano004/ros2wk1/YDLidar-SDK/./core/base/thread.h:136:46:[m[K [01;35m[Kwarning: [m[Kformat ‘[01m[K%X[m[K’ expects argument of type ‘[01m[Kunsigned int[m[K’, but argument 2 has type ‘[01m[K_size_t[m[K’ {aka ‘[01m[Klong unsigned int[m[K’} [[01;35m[K-Wformat=[m[K]
  136 |           printf("[YDLIDAR DEBUG] Thread [0x[01;35m[K%X[m[K] ready to cancel[%d]\n", [32m[K_handle[m[K, s);
      |                                             [01;35m[K~^[m[K                          [32m[K~~~~~~~[m[K
      |                                              [01;35m[K|[m[K                          [32m[K|[m[K
      |                                              [01;35m[Kunsigned int[m[K               [32m[K_size_t {aka long unsigned int}[m[K
      |                                             [32m[K%lX[m[K
[01m[K/home/orinnano004/ros2wk1/YDLidar-SDK/./core/base/thread.h:138:46:[m[K [01;35m[Kwarning: [m[Kformat ‘[01m[K%X[m[K’ expects argument of type ‘[01m[Kunsigned int[m[K’, but argument 2 has type ‘[01m[K_size_t[m[K’ {aka ‘[01m[Klong unsigned int[m[K’} [[01;35m[K-Wformat=[m[K]
  138 |           printf("[YDLIDAR DEBUG] Thread [0x[01;35m[K%X[m[K] ready to cancel[%d] time[%u]\n",
      |                                             [01;35m[K~^[m[K
      |                                              [01;35m[K|[m[K
      |                                              [01;35m[Kunsigned int[m[K
      |                                             [32m[K%lX[m[K
  139 |             [32m[K_handle[m[K, s, getms() - t);
      |             [32m[K~~~~~~~[m[K                           
      |             [32m[K|[m[K
      |             [32m[K_size_t {aka long unsigned int}[m[K
[01m[K/home/orinnano004/ros2wk1/YDLidar-SDK/./core/base/thread.h:142:42:[m[K [01;35m[Kwarning: [m[Kformat ‘[01m[K%X[m[K’ expects argument of type ‘[01m[Kunsigned int[m[K’, but argument 2 has type ‘[01m[K_size_t[m[K’ {aka ‘[01m[Klong unsigned int[m[K’} [[01;35m[K-Wformat=[m[K]
  142 |             printf("[YDLIDAR] Thread [0x[01;35m[K%X[m[K] has been canceled in other thread\n", [32m[K_handle[m[K);
      |                                         [01;35m[K~^[m[K                                        [32m[K~~~~~~~[m[K
      |                                          [01;35m[K|[m[K                                        [32m[K|[m[K
      |                                          [01;35m[Kunsigned int[m[K                             [32m[K_size_t {aka long unsigned int}[m[K
      |                                         [32m[K%lX[m[K
[01m[K/home/orinnano004/ros2wk1/YDLidar-SDK/./core/base/thread.h:147:74:[m[K [01;35m[Kwarning: [m[Kformat ‘[01m[K%X[m[K’ expects argument of type ‘[01m[Kunsigned int[m[K’, but argument 3 has type ‘[01m[K_size_t[m[K’ {aka ‘[01m[Klong unsigned int[m[K’} [[01;35m[K-Wformat=[m[K]
  147 | fprintf(stderr, "[YDLIDAR] An error occurred while thread[0x[01;35m[K%X[m[K] cancelled!\n", [32m[K_handle[m[K);
      |                                                             [01;35m[K~^[m[K                 [32m[K~~~~~~~[m[K
      |                                                              [01;35m[K|[m[K                 [32m[K|[m[K
      |                                                              [01;35m[Kunsigned int[m[K      [32m[K_size_t {aka long unsigned int}[m[K
      |                                                             [32m[K%lX[m[K
[01m[K/home/orinnano004/ros2wk1/YDLidar-SDK/./core/base/thread.h:151:40:[m[K [01;35m[Kwarning: [m[Kformat ‘[01m[K%X[m[K’ expects argument of type ‘[01m[Kunsigned int[m[K’, but argument 2 has type ‘[01m[K_size_t[m[K’ {aka ‘[01m[Klong unsigned int[m[K’} [[01;35m[K-Wformat=[m[K]
  151 |           printf("[YDLIDAR] Thread [0x[01;35m[K%X[m[K] has been canceled\n", [32m[K_handle[m[K);
      |                                       [01;35m[K~^[m[K                        [32m[K~~~~~~~[m[K
      |                                        [01;35m[K|[m[K                        [32m[K|[m[K
      |                                        [01;35m[Kunsigned int[m[K             [32m[K_size_t {aka long unsigned int}[m[K
      |                                       [32m[K%lX[m[K
[01m[K/home/orinnano004/ros2wk1/YDLidar-SDK/src/YDlidarDriver.cpp:[m[K In member function ‘[01m[Kresult_t ydlidar::YDlidarDriver::createThread()[m[K’:
[01m[K/home/orinnano004/ros2wk1/YDLidar-SDK/src/YDlidarDriver.cpp:1958:38:[m[K [01;35m[Kwarning: [m[Kformat ‘[01m[K%X[m[K’ expects argument of type ‘[01m[Kunsigned int[m[K’, but argument 2 has type ‘[01m[K_size_t[m[K’ {aka ‘[01m[Klong unsigned int[m[K’} [[01;35m[K-Wformat=[m[K]
 1958 |   printf("[YDLIDAR] Create thread 0x[01;35m[K%X[m[K\n", [32m[K_thread.getHandle()[m[K);
      |                                     [01;35m[K~^[m[K     [32m[K~~~~~~~~~~~~~~~~~~~[m[K
      |                                      [01;35m[K|[m[K                      [32m[K|[m[K
      |                                      [01;35m[Kunsigned int[m[K           [32m[K_size_t {aka long unsigned int}[m[K
      |                                     [32m[K%lX[m[K
In file included from [01m[K/home/orinnano004/ros2wk1/YDLidar-SDK/./core/common/DriverInterface.h:3[m[K,
                 from [01m[K/home/orinnano004/ros2wk1/YDLidar-SDK/src/CYdLidar.h:48[m[K,
                 from [01m[K/home/orinnano004/ros2wk1/YDLidar-SDK/samples/sdm_test.cpp:34[m[K:
[01m[K/home/orinnano004/ros2wk1/YDLidar-SDK/./core/base/thread.h:[m[K In member function ‘[01m[Kint ydlidar::core::base::Thread::join(long unsigned int)[m[K’:
[01m[K/home/orinnano004/ros2wk1/YDLidar-SDK/./core/base/thread.h:136:46:[m[K [01;35m[Kwarning: [m[Kformat ‘[01m[K%X[m[K’ expects argument of type ‘[01m[Kunsigned int[m[K’, but argument 2 has type ‘[01m[K_size_t[m[K’ {aka ‘[01m[Klong unsigned int[m[K’} [[01;35m[K-Wformat=[m[K]
  136 |           printf("[YDLIDAR DEBUG] Thread [0x[01;35m[K%X[m[K] ready to cancel[%d]\n", [32m[K_handle[m[K, s);
      |                                             [01;35m[K~^[m[K                          [32m[K~~~~~~~[m[K
      |                                              [01;35m[K|[m[K                          [32m[K|[m[K
      |                                              [01;35m[Kunsigned int[m[K               [32m[K_size_t {aka long unsigned int}[m[K
      |                                             [32m[K%lX[m[K
[01m[K/home/orinnano004/ros2wk1/YDLidar-SDK/./core/base/thread.h:138:46:[m[K [01;35m[Kwarning: [m[Kformat ‘[01m[K%X[m[K’ expects argument of type ‘[01m[Kunsigned int[m[K’, but argument 2 has type ‘[01m[K_size_t[m[K’ {aka ‘[01m[Klong unsigned int[m[K’} [[01;35m[K-Wformat=[m[K]
  138 |           printf("[YDLIDAR DEBUG] Thread [0x[01;35m[K%X[m[K] ready to cancel[%d] time[%u]\n",
      |                                             [01;35m[K~^[m[K
      |                                              [01;35m[K|[m[K
      |                                              [01;35m[Kunsigned int[m[K
      |                                             [32m[K%lX[m[K
  139 |             [32m[K_handle[m[K, s, getms() - t);
      |             [32m[K~~~~~~~[m[K                           
      |             [32m[K|[m[K
      |             [32m[K_size_t {aka long unsigned int}[m[K
[01m[K/home/orinnano004/ros2wk1/YDLidar-SDK/./core/base/thread.h:142:42:[m[K [01;35m[Kwarning: [m[Kformat ‘[01m[K%X[m[K’ expects argument of type ‘[01m[Kunsigned int[m[K’, but argument 2 has type ‘[01m[K_size_t[m[K’ {aka ‘[01m[Klong unsigned int[m[K’} [[01;35m[K-Wformat=[m[K]
  142 |             printf("[YDLIDAR] Thread [0x[01;35m[K%X[m[K] has been canceled in other thread\n", [32m[K_handle[m[K);
      |                                         [01;35m[K~^[m[K                                        [32m[K~~~~~~~[m[K
      |                                          [01;35m[K|[m[K                                        [32m[K|[m[K
      |                                          [01;35m[Kunsigned int[m[K                             [32m[K_size_t {aka long unsigned int}[m[K
      |                                         [32m[K%lX[m[K
[01m[K/home/orinnano004/ros2wk1/YDLidar-SDK/./core/base/thread.h:147:74:[m[K [01;35m[Kwarning: [m[Kformat ‘[01m[K%X[m[K’ expects argument of type ‘[01m[Kunsigned int[m[K’, but argument 3 has type ‘[01m[K_size_t[m[K’ {aka ‘[01m[Klong unsigned int[m[K’} [[01;35m[K-Wformat=[m[K]
  147 |             fprintf(stderr, "[YDLIDAR] An error occurred while thread[0x[01;35m[K%X[m[K] cancelled!\n", [32m[K_handle[m[K);
      |                                                                         [01;35m[K~^[m[K                 [32m[K~~~~~~~[m[K
      |                                                                          [01;35m[K|[m[K                 [32m[K|[m[K
      |                                                                          [01;35m[Kunsigned int[m[K      [32m[K_size_t {aka long unsigned int}[m[K
      |                                                                         [32m[K%lX[m[K
[01m[K/home/orinnano004/ros2wk1/YDLidar-SDK/./core/base/thread.h:151:40:[m[K [01;35m[Kwarning: [m[Kformat ‘[01m[K%X[m[K’ expects argument of type ‘[01m[Kunsigned int[m[K’, but argument 2 has type ‘[01m[K_size_t[m[K’ {aka ‘[01m[Klong unsigned int[m[K’} [[01;35m[K-Wformat=[m[K]
  151 |           printf("[YDLIDAR] Thread [0x[01;35m[K%X[m[K] has been canceled\n", [32m[K_handle[m[K);
      |                                       [01;35m[K~^[m[K                        [32m[K~~~~~~~[m[K
      |                                        [01;35m[K|[m[K                        [32m[K|[m[K
      |                                        [01;35m[Kunsigned int[m[K             [32m[K_size_t {aka long unsigned int}[m[K
      |                                       [32m[K%lX[m[K
In file included from [01m[K/home/orinnano004/ros2wk1/YDLidar-SDK/./core/common/DriverInterface.h:3[m[K,
                 from [01m[K/home/orinnano004/ros2wk1/YDLidar-SDK/src/CYdLidar.h:48[m[K,
                 from [01m[K/home/orinnano004/ros2wk1/YDLidar-SDK/samples/et_test.cpp:34[m[K:
[01m[K/home/orinnano004/ros2wk1/YDLidar-SDK/./core/base/thread.h:[m[K In member function ‘[01m[Kint ydlidar::core::base::Thread::join(long unsigned int)[m[K’:
[01m[K/home/orinnano004/ros2wk1/YDLidar-SDK/./core/base/thread.h:136:46:[m[K [01;35m[Kwarning: [m[Kformat ‘[01m[K%X[m[K’ expects argument of type ‘[01m[Kunsigned int[m[K’, but argument 2 has type ‘[01m[K_size_t[m[K’ {aka ‘[01m[Klong unsigned int[m[K’} [[01;35m[K-Wformat=[m[K]
  136 |           printf("[YDLIDAR DEBUG] Thread [0x[01;35m[K%X[m[K] ready to cancel[%d]\n", [32m[K_handle[m[K, s);
      |                                             [01;35m[K~^[m[K                          [32m[K~~~~~~~[m[K
      |                                              [01;35m[K|[m[K                          [32m[K|[m[K
      |                                              [01;35m[Kunsigned int[m[K               [32m[K_size_t {aka long unsigned int}[m[K
      |                                             [32m[K%lX[m[K
[01m[K/home/orinnano004/ros2wk1/YDLidar-SDK/./core/base/thread.h:138:46:[m[K [01;35m[Kwarning: [m[Kformat ‘[01m[K%X[m[K’ expects argument of type ‘[01m[Kunsigned int[m[K’, but argument 2 has type ‘[01m[K_size_t[m[K’ {aka ‘[01m[Klong unsigned int[m[K’} [[01;35m[K-Wformat=[m[K]
  138 |           printf("[YDLIDAR DEBUG] Thread [0x[01;35m[K%X[m[K] ready to cancel[%d] time[%u]\n",
      |                                             [01;35m[K~^[m[K
      |                                              [01;35m[K|[m[K
      |                                              [01;35m[Kunsigned int[m[K
      |                                             [32m[K%lX[m[K
  139 |             [32m[K_handle[m[K, s, getms() - t);
      |             [32m[K~~~~~~~[m[K                           
      |             [32m[K|[m[K
      |             [32m[K_size_t {aka long unsigned int}[m[K
[01m[K/home/orinnano004/ros2wk1/YDLidar-SDK/./core/base/thread.h:142:42:[m[K [01;35m[Kwarning: [m[Kformat ‘[01m[K%X[m[K’ expects argument of type ‘[01m[Kunsigned int[m[K’, but argument 2 has type ‘[01m[K_size_t[m[K’ {aka ‘[01m[Klong unsigned int[m[K’} [[01;35m[K-Wformat=[m[K]
  142 |             printf("[YDLIDAR] Thread [0x[01;35m[K%X[m[K] has been canceled in other thread\n", [32m[K_handle[m[K);
      |                                         [01;35m[K~^[m[K                                        [32m[K~~~~~~~[m[K
      |                                          [01;35m[K|[m[K                                        [32m[K|[m[K
      |                                          [01;35m[Kunsigned int[m[K                             [32m[K_size_t {aka long unsigned int}[m[K
      |                                         [32m[K%lX[m[K
[01m[K/home/orinnano004/ros2wk1/YDLidar-SDK/./core/base/thread.h:147:74:[m[K [01;35m[Kwarning: [m[Kformat ‘[01m[K%X[m[K’ expects argument of type ‘[01m[Kunsigned int[m[K’, but argument 3 has type ‘[01m[K_size_t[m[K’ {aka ‘[01m[Klong unsigned int[m[K’} [[01;35m[K-Wformat=[m[K]
  147 | fprintf(stderr, "[YDLIDAR] An error occurred while thread[0x[01;35m[K%X[m[K] cancelled!\n", [32m[K_handle[m[K);
      |                                                             [01;35m[K~^[m[K                 [32m[K~~~~~~~[m[K
      |                                                              [01;35m[K|[m[K                 [32m[K|[m[K
      |                                                              [01;35m[Kunsigned int[m[K      [32m[K_size_t {aka long unsigned int}[m[K
      |                                                             [32m[K%lX[m[K
[01m[K/home/orinnano004/ros2wk1/YDLidar-SDK/./core/base/thread.h:151:40:[m[K [01;35m[Kwarning: [m[Kformat ‘[01m[K%X[m[K’ expects argument of type ‘[01m[Kunsigned int[m[K’, but argument 2 has type ‘[01m[K_size_t[m[K’ {aka ‘[01m[Klong unsigned int[m[K’} [[01;35m[K-Wformat=[m[K]
  151 |           printf("[YDLIDAR] Thread [0x[01;35m[K%X[m[K] has been canceled\n", [32m[K_handle[m[K);
      |                                       [01;35m[K~^[m[K                        [32m[K~~~~~~~[m[K
      |                                        [01;35m[K|[m[K                        [32m[K|[m[K
      |                                        [01;35m[Kunsigned int[m[K             [32m[K_size_t {aka long unsigned int}[m[K
      |                                       [32m[K%lX[m[K
In file included from [01m[K/home/orinnano004/ros2wk1/YDLidar-SDK/./core/common/DriverInterface.h:3[m[K,
                 from [01m[K/home/orinnano004/ros2wk1/YDLidar-SDK/src/CYdLidar.h:48[m[K,
                 from [01m[K/home/orinnano004/ros2wk1/YDLidar-SDK/samples/tri_and_gs_test.cpp:1[m[K:
[01m[K/home/orinnano004/ros2wk1/YDLidar-SDK/./core/base/thread.h:[m[K In member function ‘[01m[Kint ydlidar::core::base::Thread::join(long unsigned int)[m[K’:
[01m[K/home/orinnano004/ros2wk1/YDLidar-SDK/./core/base/thread.h:136:46:[m[K [01;35m[Kwarning: [m[Kformat ‘[01m[K%X[m[K’ expects argument of type ‘[01m[Kunsigned int[m[K’, but argument 2 has type ‘[01m[K_size_t[m[K’ {aka ‘[01m[Klong unsigned int[m[K’} [[01;35m[K-Wformat=[m[K]
  136 |           printf("[YDLIDAR DEBUG] Thread [0x[01;35m[K%X[m[K] ready to cancel[%d]\n", [32m[K_handle[m[K, s);
      |                                             [01;35m[K~^[m[K                          [32m[K~~~~~~~[m[K
      |                                              [01;35m[K|[m[K                          [32m[K|[m[K
      |                                              [01;35m[Kunsigned int[m[K               [32m[K_size_t {aka long unsigned int}[m[K
      |                                             [32m[K%lX[m[K
[01m[K/home/orinnano004/ros2wk1/YDLidar-SDK/./core/base/thread.h:138:46:[m[K [01;35m[Kwarning: [m[Kformat ‘[01m[K%X[m[K’ expects argument of type ‘[01m[Kunsigned int[m[K’, but argument 2 has type ‘[01m[K_size_t[m[K’ {aka ‘[01m[Klong unsigned int[m[K’} [[01;35m[K-Wformat=[m[K]
  138 |           printf("[YDLIDAR DEBUG] Thread [0x[01;35m[K%X[m[K] ready to cancel[%d] time[%u]\n",
      |                                             [01;35m[K~^[m[K
      |                                              [01;35m[K|[m[K
      |                                              [01;35m[Kunsigned int[m[K
      |                                             [32m[K%lX[m[K
  139 |             [32m[K_handle[m[K, s, getms() - t);
      |             [32m[K~~~~~~~[m[K                           
      |             [32m[K|[m[K
      |             [32m[K_size_t {aka long unsigned int}[m[K
[01m[K/home/orinnano004/ros2wk1/YDLidar-SDK/./core/base/thread.h:142:42:[m[K [01;35m[Kwarning: [m[Kformat ‘[01m[K%X[m[K’ expects argument of type ‘[01m[Kunsigned int[m[K’, but argument 2 has type ‘[01m[K_size_t[m[K’ {aka ‘[01m[Klong unsigned int[m[K’} [[01;35m[K-Wformat=[m[K]
  142 |             printf("[YDLIDAR] Thread [0x[01;35m[K%X[m[K] has been canceled in other thread\n", [32m[K_handle[m[K);
      |                                         [01;35m[K~^[m[K                                        [32m[K~~~~~~~[m[K
      |                                          [01;35m[K|[m[K                                        [32m[K|[m[K
      |                                          [01;35m[Kunsigned int[m[K                             [32m[K_size_t {aka long unsigned int}[m[K
      |                                         [32m[K%lX[m[K
[01m[K/home/orinnano004/ros2wk1/YDLidar-SDK/./core/base/thread.h:147:74:[m[K [01;35m[Kwarning: [m[Kformat ‘[01m[K%X[m[K’ expects argument of type ‘[01m[Kunsigned int[m[K’, but argument 3 has type ‘[01m[K_size_t[m[K’ {aka ‘[01m[Klong unsigned int[m[K’} [[01;35m[K-Wformat=[m[K]
  147 |             fprintf(stderr, "[YDLIDAR] An error occurred while thread[0x[01;35m[K%X[m[K] cancelled!\n", [32m[K_handle[m[K);
      |                                                                         [01;35m[K~^[m[K                 [32m[K~~~~~~~[m[K
      |                                                                          [01;35m[K|[m[K                 [32m[K|[m[K
      |                                                                          [01;35m[Kunsigned int[m[K      [32m[K_size_t {aka long unsigned int}[m[K
      |                                                                         [32m[K%lX[m[K
[01m[K/home/orinnano004/ros2wk1/YDLidar-SDK/./core/base/thread.h:151:40:[m[K [01;35m[Kwarning: [m[Kformat ‘[01m[K%X[m[K’ expects argument of type ‘[01m[Kunsigned int[m[K’, but argument 2 has type ‘[01m[K_size_t[m[K’ {aka ‘[01m[Klong unsigned int[m[K’} [[01;35m[K-Wformat=[m[K]
  151 |           printf("[YDLIDAR] Thread [0x[01;35m[K%X[m[K] has been canceled\n", [32m[K_handle[m[K);
      |                                       [01;35m[K~^[m[K                        [32m[K~~~~~~~[m[K
      |                                        [01;35m[K|[m[K                        [32m[K|[m[K
      |                                        [01;35m[Kunsigned int[m[K             [32m[K_size_t {aka long unsigned int}[m[K
      |                                       [32m[K%lX[m[K
In file included from [01m[K/home/orinnano004/ros2wk1/YDLidar-SDK/./core/common/DriverInterface.h:3[m[K,
                 from [01m[K/home/orinnano004/ros2wk1/YDLidar-SDK/src/CYdLidar.h:48[m[K,
                 from [01m[K/home/orinnano004/ros2wk1/YDLidar-SDK/samples/gs_test.cpp:34[m[K:
[01m[K/home/orinnano004/ros2wk1/YDLidar-SDK/./core/base/thread.h:[m[K In member function ‘[01m[Kint ydlidar::core::base::Thread::join(long unsigned int)[m[K’:
[01m[K/home/orinnano004/ros2wk1/YDLidar-SDK/./core/base/thread.h:136:46:[m[K [01;35m[Kwarning: [m[Kformat ‘[01m[K%X[m[K’ expects argument of type ‘[01m[Kunsigned int[m[K’, but argument 2 has type ‘[01m[K_size_t[m[K’ {aka ‘[01m[Klong unsigned int[m[K’} [[01;35m[K-Wformat=[m[K]
  136 |           printf("[YDLIDAR DEBUG] Thread [0x[01;35m[K%X[m[K] ready to cancel[%d]\n", [32m[K_handle[m[K, s);
      |                                             [01;35m[K~^[m[K                          [32m[K~~~~~~~[m[K
      |                                              [01;35m[K|[m[K                          [32m[K|[m[K
      |                                              [01;35m[Kunsigned int[m[K               [32m[K_size_t {aka long unsigned int}[m[K
      |                                             [32m[K%lX[m[K
[01m[K/home/orinnano004/ros2wk1/YDLidar-SDK/./core/base/thread.h:138:46:[m[K [01;35m[Kwarning: [m[Kformat ‘[01m[K%X[m[K’ expects argument of type ‘[01m[Kunsigned int[m[K’, but argument 2 has type ‘[01m[K_size_t[m[K’ {aka ‘[01m[Klong unsigned int[m[K’} [[01;35m[K-Wformat=[m[K]
  138 |           printf("[YDLIDAR DEBUG] Thread [0x[01;35m[K%X[m[K] ready to cancel[%d] time[%u]\n",
      |                                             [01;35m[K~^[m[K
      |                                              [01;35m[K|[m[K
      |                                              [01;35m[Kunsigned int[m[K
      |                                             [32m[K%lX[m[K
  139 |             [32m[K_handle[m[K, s, getms() - t);
      |             [32m[K~~~~~~~[m[K                           
      |             [32m[K|[m[K
      |             [32m[K_size_t {aka long unsigned int}[m[K
[01m[K/home/orinnano004/ros2wk1/YDLidar-SDK/./core/base/thread.h:142:42:[m[K [01;35m[Kwarning: [m[Kformat ‘[01m[K%X[m[K’ expects argument of type ‘[01m[Kunsigned int[m[K’, but argument 2 has type ‘[01m[K_size_t[m[K’ {aka ‘[01m[Klong unsigned int[m[K’} [[01;35m[K-Wformat=[m[K]
  142 |             printf("[YDLIDAR] Thread [0x[01;35m[K%X[m[K] has been canceled in other thread\n", [32m[K_handle[m[K);
      |                                         [01;35m[K~^[m[K                                        [32m[K~~~~~~~[m[K
      |                                          [01;35m[K|[m[K                                        [32m[K|[m[K
      |                                          [01;35m[Kunsigned int[m[K                             [32m[K_size_t {aka long unsigned int}[m[K
      |                                         [32m[K%lX[m[K
[01m[K/home/orinnano004/ros2wk1/YDLidar-SDK/./core/base/thread.h:147:74:[m[K [01;35m[Kwarning: [m[Kformat ‘[01m[K%X[m[K’ expects argument of type ‘[01m[Kunsigned int[m[K’, but argument 3 has type ‘[01m[K_size_t[m[K’ {aka ‘[01m[Klong unsigned int[m[K’} [[01;35m[K-Wformat=[m[K]
  147 |             fprintf(stderr, "[YDLIDAR] An error occurred while thread[0x[01;35m[K%X[m[K] cancelled!\n", [32m[K_handle[m[K);
      |                                                                         [01;35m[K~^[m[K                 [32m[K~~~~~~~[m[K
      |                                                                          [01;35m[K|[m[K                 [32m[K|[m[K
      |                                                                          [01;35m[Kunsigned int[m[K      [32m[K_size_t {aka long unsigned int}[m[K
      |                                                                         [32m[K%lX[m[K
[01m[K/home/orinnano004/ros2wk1/YDLidar-SDK/./core/base/thread.h:151:40:[m[K [01;35m[Kwarning: [m[Kformat ‘[01m[K%X[m[K’ expects argument of type ‘[01m[Kunsigned int[m[K’, but argument 2 has type ‘[01m[K_size_t[m[K’ {aka ‘[01m[Klong unsigned int[m[K’} [[01;35m[K-Wformat=[m[K]
  151 |           printf("[YDLIDAR] Thread [0x[01;35m[K%X[m[K] has been canceled\n", [32m[K_handle[m[K);
      |                                       [01;35m[K~^[m[K                        [32m[K~~~~~~~[m[K
      |                                        [01;35m[K|[m[K                        [32m[K|[m[K
      |                                        [01;35m[Kunsigned int[m[K             [32m[K_size_t {aka long unsigned int}[m[K
      |                                       [32m[K%lX[m[K
In file included from [01m[K/home/orinnano004/ros2wk1/YDLidar-SDK/./core/common/DriverInterface.h:3[m[K,
                 from [01m[K/home/orinnano004/ros2wk1/YDLidar-SDK/src/CYdLidar.h:48[m[K,
                 from [01m[K/home/orinnano004/ros2wk1/YDLidar-SDK/samples/tri_test.cpp:34[m[K:
[01m[K/home/orinnano004/ros2wk1/YDLidar-SDK/./core/base/thread.h:[m[K In member function ‘[01m[Kint ydlidar::core::base::Thread::join(long unsigned int)[m[K’:
[01m[K/home/orinnano004/ros2wk1/YDLidar-SDK/./core/base/thread.h:136:46:[m[K [01;35m[Kwarning: [m[Kformat ‘[01m[K%X[m[K’ expects argument of type ‘[01m[Kunsigned int[m[K’, but argument 2 has type ‘[01m[K_size_t[m[K’ {aka ‘[01m[Klong unsigned int[m[K’} [[01;35m[K-Wformat=[m[K]
  136 |           printf("[YDLIDAR DEBUG] Thread [0x[01;35m[K%X[m[K] ready to cancel[%d]\n", [32m[K_handle[m[K, s);
      |                                             [01;35m[K~^[m[K                          [32m[K~~~~~~~[m[K
      |                                              [01;35m[K|[m[K                          [32m[K|[m[K
      |                                              [01;35m[Kunsigned int[m[K               [32m[K_size_t {aka long unsigned int}[m[K
      |                                             [32m[K%lX[m[K
[01m[K/home/orinnano004/ros2wk1/YDLidar-SDK/./core/base/thread.h:138:46:[m[K [01;35m[Kwarning: [m[Kformat ‘[01m[K%X[m[K’ expects argument of type ‘[01m[Kunsigned int[m[K’, but argument 2 has type ‘[01m[K_size_t[m[K’ {aka ‘[01m[Klong unsigned int[m[K’} [[01;35m[K-Wformat=[m[K]
  138 |           printf("[YDLIDAR DEBUG] Thread [0x[01;35m[K%X[m[K] ready to cancel[%d] time[%u]\n",
      |                                             [01;35m[K~^[m[K
      |                                              [01;35m[K|[m[K
      |                                              [01;35m[Kunsigned int[m[K
      |                                             [32m[K%lX[m[K
  139 |             [32m[K_handle[m[K, s, getms() - t);
      |             [32m[K~~~~~~~[m[K                           
      |             [32m[K|[m[K
      |             [32m[K_size_t {aka long unsigned int}[m[K
[01m[K/home/orinnano004/ros2wk1/YDLidar-SDK/./core/base/thread.h:142:42:[m[K [01;35m[Kwarning: [m[Kformat ‘[01m[K%X[m[K’ expects argument of type ‘[01m[Kunsigned int[m[K’, but argument 2 has type ‘[01m[K_size_t[m[K’ {aka ‘[01m[Klong unsigned int[m[K’} [[01;35m[K-Wformat=[m[K]
  142 |             printf("[YDLIDAR] Thread [0x[01;35m[K%X[m[K] has been canceled in other thread\n", [32m[K_handle[m[K);
      |                                         [01;35m[K~^[m[K                                        [32m[K~~~~~~~[m[K
      |                                          [01;35m[K|[m[K                                        [32m[K|[m[K
      |                                          [01;35m[Kunsigned int[m[K                             [32m[K_size_t {aka long unsigned int}[m[K
      |                                         [32m[K%lX[m[K
[01m[K/home/orinnano004/ros2wk1/YDLidar-SDK/./core/base/thread.h:147:74:[m[K [01;35m[Kwarning: [m[Kformat ‘[01m[K%X[m[K’ expects argument of type ‘[01m[Kunsigned int[m[K’, but argument 3 has type ‘[01m[K_size_t[m[K’ {aka ‘[01m[Klong unsigned int[m[K’} [[01;35m[K-Wformat=[m[K]
  147 |             fprintf(stderr, "[YDLIDAR] An error occurred while thread[0x[01;35m[K%X[m[K] cancelled!\n", [32m[K_handle[m[K);
      |                                                                         [01;35m[K~^[m[K                 [32m[K~~~~~~~[m[K
      |                                                                          [01;35m[K|[m[K                 [32m[K|[m[K
      |                                                                          [01;35m[Kunsigned int[m[K      [32m[K_size_t {aka long unsigned int}[m[K
      |                                                                         [32m[K%lX[m[K
[01m[K/home/orinnano004/ros2wk1/YDLidar-SDK/./core/base/thread.h:151:40:[m[K [01;35m[Kwarning: [m[Kformat ‘[01m[K%X[m[K’ expects argument of type ‘[01m[Kunsigned int[m[K’, but argument 2 has type ‘[01m[K_size_t[m[K’ {aka ‘[01m[Klong unsigned int[m[K’} [[01;35m[K-Wformat=[m[K]
  151 |           printf("[YDLIDAR] Thread [0x[01;35m[K%X[m[K] has been canceled\n", [32m[K_handle[m[K);
      |                                       [01;35m[K~^[m[K                        [32m[K~~~~~~~[m[K
      |                                        [01;35m[K|[m[K                        [32m[K|[m[K
      |                                        [01;35m[Kunsigned int[m[K             [32m[K_size_t {aka long unsigned int}[m[K
      |                                       [32m[K%lX[m[K
In file included from [01m[K/home/orinnano004/ros2wk1/YDLidar-SDK/./core/common/DriverInterface.h:3[m[K,
                 from [01m[K/home/orinnano004/ros2wk1/YDLidar-SDK/src/CYdLidar.h:48[m[K,
                 from [01m[K/home/orinnano004/ros2wk1/YDLidar-SDK/samples/tof_test.cpp:38[m[K:
[01m[K/home/orinnano004/ros2wk1/YDLidar-SDK/./core/base/thread.h:[m[K In member function ‘[01m[Kint ydlidar::core::base::Thread::join(long unsigned int)[m[K’:
[01m[K/home/orinnano004/ros2wk1/YDLidar-SDK/./core/base/thread.h:136:46:[m[K [01;35m[Kwarning: [m[Kformat ‘[01m[K%X[m[K’ expects argument of type ‘[01m[Kunsigned int[m[K’, but argument 2 has type ‘[01m[K_size_t[m[K’ {aka ‘[01m[Klong unsigned int[m[K’} [[01;35m[K-Wformat=[m[K]
  136 |           printf("[YDLIDAR DEBUG] Thread [0x[01;35m[K%X[m[K] ready to cancel[%d]\n", [32m[K_handle[m[K, s);
      |                                             [01;35m[K~^[m[K                          [32m[K~~~~~~~[m[K
      |                                              [01;35m[K|[m[K                          [32m[K|[m[K
      |                                              [01;35m[Kunsigned int[m[K               [32m[K_size_t {aka long unsigned int}[m[K
      |                                             [32m[K%lX[m[K
[01m[K/home/orinnano004/ros2wk1/YDLidar-SDK/./core/base/thread.h:138:46:[m[K [01;35m[Kwarning: [m[Kformat ‘[01m[K%X[m[K’ expects argument of type ‘[01m[Kunsigned int[m[K’, but argument 2 has type ‘[01m[K_size_t[m[K’ {aka ‘[01m[Klong unsigned int[m[K’} [[01;35m[K-Wformat=[m[K]
  138 |           printf("[YDLIDAR DEBUG] Thread [0x[01;35m[K%X[m[K] ready to cancel[%d] time[%u]\n",
      |                                             [01;35m[K~^[m[K
      |                                              [01;35m[K|[m[K
      |                                              [01;35m[Kunsigned int[m[K
      |                                             [32m[K%lX[m[K
  139 |             [32m[K_handle[m[K, s, getms() - t);
      |             [32m[K~~~~~~~[m[K                           
      |             [32m[K|[m[K
      |             [32m[K_size_t {aka long unsigned int}[m[K
[01m[K/home/orinnano004/ros2wk1/YDLidar-SDK/./core/base/thread.h:142:42:[m[K [01;35m[Kwarning: [m[Kformat ‘[01m[K%X[m[K’ expects argument of type ‘[01m[Kunsigned int[m[K’, but argument 2 has type ‘[01m[K_size_t[m[K’ {aka ‘[01m[Klong unsigned int[m[K’} [[01;35m[K-Wformat=[m[K]
  142 |             printf("[YDLIDAR] Thread [0x[01;35m[K%X[m[K] has been canceled in other thread\n", [32m[K_handle[m[K);
      |                                         [01;35m[K~^[m[K                                        [32m[K~~~~~~~[m[K
      |                                          [01;35m[K|[m[K                                        [32m[K|[m[K
      |                                          [01;35m[Kunsigned int[m[K                             [32m[K_size_t {aka long unsigned int}[m[K
      |                                         [32m[K%lX[m[K
[01m[K/home/orinnano004/ros2wk1/YDLidar-SDK/./core/base/thread.h:147:74:[m[K [01;35m[Kwarning: [m[Kformat ‘[01m[K%X[m[K’ expects argument of type ‘[01m[Kunsigned int[m[K’, but argument 3 has type ‘[01m[K_size_t[m[K’ {aka ‘[01m[Klong unsigned int[m[K’} [[01;35m[K-Wformat=[m[K]
  147 |             fprintf(stderr, "[YDLIDAR] An error occurred while thread[0x[01;35m[K%X[m[K] cancelled!\n", [32m[K_handle[m[K);
      |                                                                         [01;35m[K~^[m[K                 [32m[K~~~~~~~[m[K
      |                                                                          [01;35m[K|[m[K                 [32m[K|[m[K
      |                                                                          [01;35m[Kunsigned int[m[K      [32m[K_size_t {aka long unsigned int}[m[K
      |                                                                         [32m[K%lX[m[K
[01m[K/home/orinnano004/ros2wk1/YDLidar-SDK/./core/base/thread.h:151:40:[m[K [01;35m[Kwarning: [m[Kformat ‘[01m[K%X[m[K’ expects argument of type ‘[01m[Kunsigned int[m[K’, but argument 2 has type ‘[01m[K_size_t[m[K’ {aka ‘[01m[Klong unsigned int[m[K’} [[01;35m[K-Wformat=[m[K]
  151 |           printf("[YDLIDAR] Thread [0x[01;35m[K%X[m[K] has been canceled\n", [32m[K_handle[m[K);
      |                                       [01;35m[K~^[m[K                        [32m[K~~~~~~~[m[K
      |                                        [01;35m[K|[m[K                        [32m[K|[m[K
      |                                        [01;35m[Kunsigned int[m[K             [32m[K_size_t {aka long unsigned int}[m[K
      |                                       [32m[K%lX[m[K
[01m[K/home/orinnano004/ros2wk1/YDLidar-SDK/samples/gs_test.cpp:[m[K In function ‘[01m[Kint main(int, char**)[m[K’:
[01m[K/home/orinnano004/ros2wk1/YDLidar-SDK/samples/gs_test.cpp:255:34:[m[K [01;35m[Kwarning: [m[Kformat ‘[01m[K%lld[m[K’ expects argument of type ‘[01m[Klong long int[m[K’, but argument 3 has type ‘[01m[Kuint32_t[m[K’ {aka ‘[01m[Kunsigned int[m[K’} [[01;35m[K-Wformat=[m[K]
  255 |       printf("module[%d] time[[01;35m[K%lld[m[K]\n", scan.moduleNum, t - ts[scan.moduleNum]);
      |                               [01;35m[K~~~^[m[K
      |                                  [01;35m[K|[m[K
      |                                  [01;35m[Klong long int[m[K
      |                               [32m[K%d[m[K
[01m[Kcc1:[m[K [01;35m[Kwarning: [m[Kcommand line option ‘[01m[K-std=c++11[m[K’ is valid for C++/ObjC++ but not for C
In file included from [01m[K/home/orinnano004/ros2wk1/YDLidar-SDK/./core/common/DriverInterface.h:3[m[K,
                 from [01m[K/home/orinnano004/ros2wk1/YDLidar-SDK/src/CYdLidar.h:48[m[K,
                 from [01m[K/home/orinnano004/ros2wk1/YDLidar-SDK/samples/tmini_test.cpp:34[m[K:
[01m[K/home/orinnano004/ros2wk1/YDLidar-SDK/./core/base/thread.h:[m[K In member function ‘[01m[Kint ydlidar::core::base::Thread::join(long unsigned int)[m[K’:
[01m[K/home/orinnano004/ros2wk1/YDLidar-SDK/./core/base/thread.h:136:46:[m[K [01;35m[Kwarning: [m[Kformat ‘[01m[K%X[m[K’ expects argument of type ‘[01m[Kunsigned int[m[K’, but argument 2 has type ‘[01m[K_size_t[m[K’ {aka ‘[01m[Klong unsigned int[m[K’} [[01;35m[K-Wformat=[m[K]
  136 |           printf("[YDLIDAR DEBUG] Thread [0x[01;35m[K%X[m[K] ready to cancel[%d]\n", [32m[K_handle[m[K, s);
      |                                             [01;35m[K~^[m[K                          [32m[K~~~~~~~[m[K
      |                                              [01;35m[K|[m[K                          [32m[K|[m[K
      |                                              [01;35m[Kunsigned int[m[K               [32m[K_size_t {aka long unsigned int}[m[K
      |                                             [32m[K%lX[m[K
[01m[K/home/orinnano004/ros2wk1/YDLidar-SDK/./core/base/thread.h:138:46:[m[K [01;35m[Kwarning: [m[Kformat ‘[01m[K%X[m[K’ expects argument of type ‘[01m[Kunsigned int[m[K’, but argument 2 has type ‘[01m[K_size_t[m[K’ {aka ‘[01m[Klong unsigned int[m[K’} [[01;35m[K-Wformat=[m[K]
  138 |           printf("[YDLIDAR DEBUG] Thread [0x[01;35m[K%X[m[K] ready to cancel[%d] time[%u]\n",
      |                                             [01;35m[K~^[m[K
      |                                              [01;35m[K|[m[K
      |                                              [01;35m[Kunsigned int[m[K
      |                                             [32m[K%lX[m[K
  139 |             [32m[K_handle[m[K, s, getms() - t);
      |             [32m[K~~~~~~~[m[K                           
      |             [32m[K|[m[K
      |             [32m[K_size_t {aka long unsigned int}[m[K
[01m[K/home/orinnano004/ros2wk1/YDLidar-SDK/./core/base/thread.h:142:42:[m[K [01;35m[Kwarning: [m[Kformat ‘[01m[K%X[m[K’ expects argument of type ‘[01m[Kunsigned int[m[K’, but argument 2 has type ‘[01m[K_size_t[m[K’ {aka ‘[01m[Klong unsigned int[m[K’} [[01;35m[K-Wformat=[m[K]
  142 |             printf("[YDLIDAR] Thread [0x[01;35m[K%X[m[K] has been canceled in other thread\n", [32m[K_handle[m[K);
      |                                         [01;35m[K~^[m[K                                        [32m[K~~~~~~~[m[K
      |                                          [01;35m[K|[m[K                                        [32m[K|[m[K
      |                                          [01;35m[Kunsigned int[m[K                             [32m[K_size_t {aka long unsigned int}[m[K
      |                                         [32m[K%lX[m[K
[01m[K/home/orinnano004/ros2wk1/YDLidar-SDK/./core/base/thread.h:147:74:[m[K [01;35m[Kwarning: [m[Kformat ‘[01m[K%X[m[K’ expects argument of type ‘[01m[Kunsigned int[m[K’, but argument 3 has type ‘[01m[K_size_t[m[K’ {aka ‘[01m[Klong unsigned int[m[K’} [[01;35m[K-Wformat=[m[K]
  147 | fprintf(stderr, "[YDLIDAR] An error occurred while thread[0x[01;35m[K%X[m[K] cancelled!\n", [32m[K_handle[m[K);
      |                                                             [01;35m[K~^[m[K                 [32m[K~~~~~~~[m[K
      |                                                              [01;35m[K|[m[K                 [32m[K|[m[K
      |                                                              [01;35m[Kunsigned int[m[K      [32m[K_size_t {aka long unsigned int}[m[K
      |                                                             [32m[K%lX[m[K
[01m[K/home/orinnano004/ros2wk1/YDLidar-SDK/./core/base/thread.h:151:40:[m[K [01;35m[Kwarning: [m[Kformat ‘[01m[K%X[m[K’ expects argument of type ‘[01m[Kunsigned int[m[K’, but argument 2 has type ‘[01m[K_size_t[m[K’ {aka ‘[01m[Klong unsigned int[m[K’} [[01;35m[K-Wformat=[m[K]
  151 |           printf("[YDLIDAR] Thread [0x[01;35m[K%X[m[K] has been canceled\n", [32m[K_handle[m[K);
      |                                       [01;35m[K~^[m[K                        [32m[K~~~~~~~[m[K
      |                                        [01;35m[K|[m[K                        [32m[K|[m[K
      |                                        [01;35m[Kunsigned int[m[K             [32m[K_size_t {aka long unsigned int}[m[K
      |                                       [32m[K%lX[m[K
In file included from [01m[K/home/orinnano004/ros2wk1/YDLidar-SDK/./core/common/DriverInterface.h:3[m[K,
                 from [01m[K/home/orinnano004/ros2wk1/YDLidar-SDK/src/CYdLidar.h:48[m[K,
                 from [01m[K/home/orinnano004/ros2wk1/YDLidar-SDK/samples/tri_restart.cpp:1[m[K:
[01m[K/home/orinnano004/ros2wk1/YDLidar-SDK/./core/base/thread.h:[m[K In member function ‘[01m[Kint ydlidar::core::base::Thread::join(long unsigned int)[m[K’:
[01m[K/home/orinnano004/ros2wk1/YDLidar-SDK/./core/base/thread.h:136:46:[m[K [01;35m[Kwarning: [m[Kformat ‘[01m[K%X[m[K’ expects argument of type ‘[01m[Kunsigned int[m[K’, but argument 2 has type ‘[01m[K_size_t[m[K’ {aka ‘[01m[Klong unsigned int[m[K’} [[01;35m[K-Wformat=[m[K]
  136 |           printf("[YDLIDAR DEBUG] Thread [0x[01;35m[K%X[m[K] ready to cancel[%d]\n", [32m[K_handle[m[K, s);
      |                                             [01;35m[K~^[m[K                          [32m[K~~~~~~~[m[K
      |                                              [01;35m[K|[m[K                          [32m[K|[m[K
      |                                              [01;35m[Kunsigned int[m[K               [32m[K_size_t {aka long unsigned int}[m[K
      |                                             [32m[K%lX[m[K
[01m[K/home/orinnano004/ros2wk1/YDLidar-SDK/./core/base/thread.h:138:46:[m[K [01;35m[Kwarning: [m[Kformat ‘[01m[K%X[m[K’ expects argument of type ‘[01m[Kunsigned int[m[K’, but argument 2 has type ‘[01m[K_size_t[m[K’ {aka ‘[01m[Klong unsigned int[m[K’} [[01;35m[K-Wformat=[m[K]
  138 |           printf("[YDLIDAR DEBUG] Thread [0x[01;35m[K%X[m[K] ready to cancel[%d] time[%u]\n",
      |                                             [01;35m[K~^[m[K
      |                                              [01;35m[K|[m[K
      |                                              [01;35m[Kunsigned int[m[K
      |                                             [32m[K%lX[m[K
  139 |             [32m[K_handle[m[K, s, getms() - t);
      |             [32m[K~~~~~~~[m[K                           
      |             [32m[K|[m[K
      |             [32m[K_size_t {aka long unsigned int}[m[K
[01m[K/home/orinnano004/ros2wk1/YDLidar-SDK/./core/base/thread.h:142:42:[m[K [01;35m[Kwarning: [m[Kformat ‘[01m[K%X[m[K’ expects argument of type ‘[01m[Kunsigned int[m[K’, but argument 2 has type ‘[01m[K_size_t[m[K’ {aka ‘[01m[Klong unsigned int[m[K’} [[01;35m[K-Wformat=[m[K]
  142 |             printf("[YDLIDAR] Thread [0x[01;35m[K%X[m[K] has been canceled in other thread\n", [32m[K_handle[m[K);
      |                                         [01;35m[K~^[m[K                                        [32m[K~~~~~~~[m[K
      |                                          [01;35m[K|[m[K                                        [32m[K|[m[K
      |                                          [01;35m[Kunsigned int[m[K                             [32m[K_size_t {aka long unsigned int}[m[K
      |                                         [32m[K%lX[m[K
[01m[K/home/orinnano004/ros2wk1/YDLidar-SDK/./core/base/thread.h:147:74:[m[K [01;35m[Kwarning: [m[Kformat ‘[01m[K%X[m[K’ expects argument of type ‘[01m[Kunsigned int[m[K’, but argument 3 has type ‘[01m[K_size_t[m[K’ {aka ‘[01m[Klong unsigned int[m[K’} [[01;35m[K-Wformat=[m[K]
  147 |             fprintf(stderr, "[YDLIDAR] An error occurred while thread[0x[01;35m[K%X[m[K] cancelled!\n", [32m[K_handle[m[K);
      |                                                                         [01;35m[K~^[m[K                 [32m[K~~~~~~~[m[K
      |                                                                          [01;35m[K|[m[K                 [32m[K|[m[K
      |                                                                          [01;35m[Kunsigned int[m[K      [32m[K_size_t {aka long unsigned int}[m[K
      |                                                                         [32m[K%lX[m[K
[01m[K/home/orinnano004/ros2wk1/YDLidar-SDK/./core/base/thread.h:151:40:[m[K [01;35m[Kwarning: [m[Kformat ‘[01m[K%X[m[K’ expects argument of type ‘[01m[Kunsigned int[m[K’, but argument 2 has type ‘[01m[K_size_t[m[K’ {aka ‘[01m[Klong unsigned int[m[K’} [[01;35m[K-Wformat=[m[K]
  151 |           printf("[YDLIDAR] Thread [0x[01;35m[K%X[m[K] has been canceled\n", [32m[K_handle[m[K);
      |                                       [01;35m[K~^[m[K                        [32m[K~~~~~~~[m[K
      |                                        [01;35m[K|[m[K                        [32m[K|[m[K
      |                                        [01;35m[Kunsigned int[m[K             [32m[K_size_t {aka long unsigned int}[m[K
      |                                       [32m[K%lX[m[K
In file included from [01m[K/home/orinnano004/ros2wk1/YDLidar-SDK/./core/common/DriverInterface.h:3[m[K,
                 from [01m[K/home/orinnano004/ros2wk1/YDLidar-SDK/src/CYdLidar.h:48[m[K,
                 from [01m[K/home/orinnano004/ros2wk1/YDLidar-SDK/test/lidar_test.h:5[m[K,
                 from [01m[K/home/orinnano004/ros2wk1/YDLidar-SDK/test/lidar_test.cpp:1[m[K:
[01m[K/home/orinnano004/ros2wk1/YDLidar-SDK/./core/base/thread.h:[m[K In member function ‘[01m[Kint ydlidar::core::base::Thread::join(long unsigned int)[m[K’:
[01m[K/home/orinnano004/ros2wk1/YDLidar-SDK/./core/base/thread.h:136:46:[m[K [01;35m[Kwarning: [m[Kformat ‘[01m[K%X[m[K’ expects argument of type ‘[01m[Kunsigned int[m[K’, but argument 2 has type ‘[01m[K_size_t[m[K’ {aka ‘[01m[Klong unsigned int[m[K’} [[01;35m[K-Wformat=[m[K]
  136 |           printf("[YDLIDAR DEBUG] Thread [0x[01;35m[K%X[m[K] ready to cancel[%d]\n", [32m[K_handle[m[K, s);
      |                                             [01;35m[K~^[m[K                          [32m[K~~~~~~~[m[K
      |                                              [01;35m[K|[m[K                          [32m[K|[m[K
      |                                              [01;35m[Kunsigned int[m[K               [32m[K_size_t {aka long unsigned int}[m[K
      |                                             [32m[K%lX[m[K
[01m[K/home/orinnano004/ros2wk1/YDLidar-SDK/./core/base/thread.h:138:46:[m[K [01;35m[Kwarning: [m[Kformat ‘[01m[K%X[m[K’ expects argument of type ‘[01m[Kunsigned int[m[K’, but argument 2 has type ‘[01m[K_size_t[m[K’ {aka ‘[01m[Klong unsigned int[m[K’} [[01;35m[K-Wformat=[m[K]
  138 |           printf("[YDLIDAR DEBUG] Thread [0x[01;35m[K%X[m[K] ready to cancel[%d] time[%u]\n",
      |                                             [01;35m[K~^[m[K
      |                                              [01;35m[K|[m[K
      |                                              [01;35m[Kunsigned int[m[K
      |                                             [32m[K%lX[m[K
  139 |             [32m[K_handle[m[K, s, getms() - t);
      |             [32m[K~~~~~~~[m[K                           
      |             [32m[K|[m[K
      |             [32m[K_size_t {aka long unsigned int}[m[K
[01m[K/home/orinnano004/ros2wk1/YDLidar-SDK/./core/base/thread.h:142:42:[m[K [01;35m[Kwarning: [m[Kformat ‘[01m[K%X[m[K’ expects argument of type ‘[01m[Kunsigned int[m[K’, but argument 2 has type ‘[01m[K_size_t[m[K’ {aka ‘[01m[Klong unsigned int[m[K’} [[01;35m[K-Wformat=[m[K]
  142 |             printf("[YDLIDAR] Thread [0x[01;35m[K%X[m[K] has been canceled in other thread\n", [32m[K_handle[m[K);
      |                                         [01;35m[K~^[m[K                                        [32m[K~~~~~~~[m[K
      |                                          [01;35m[K|[m[K                                        [32m[K|[m[K
      |                                          [01;35m[Kunsigned int[m[K                             [32m[K_size_t {aka long unsigned int}[m[K
      |                                         [32m[K%lX[m[K
[01m[K/home/orinnano004/ros2wk1/YDLidar-SDK/./core/base/thread.h:147:74:[m[K [01;35m[Kwarning: [m[Kformat ‘[01m[K%X[m[K’ expects argument of type ‘[01m[Kunsigned int[m[K’, but argument 3 has type ‘[01m[K_size_t[m[K’ {aka ‘[01m[Klong unsigned int[m[K’} [[01;35m[K-Wformat=[m[K]
  147 |             fprintf(stderr, "[YDLIDAR] An error occurred while thread[0x[01;35m[K%X[m[K] cancelled!\n", [32m[K_handle[m[K);
      |                                                                         [01;35m[K~^[m[K                 [32m[K~~~~~~~[m[K
      |                                                                          [01;35m[K|[m[K                 [32m[K|[m[K
      |                                                                          [01;35m[Kunsigned int[m[K      [32m[K_size_t {aka long unsigned int}[m[K
      |                                                                         [32m[K%lX[m[K
[01m[K/home/orinnano004/ros2wk1/YDLidar-SDK/./core/base/thread.h:151:40:[m[K [01;35m[Kwarning: [m[Kformat ‘[01m[K%X[m[K’ expects argument of type ‘[01m[Kunsigned int[m[K’, but argument 2 has type ‘[01m[K_size_t[m[K’ {aka ‘[01m[Klong unsigned int[m[K’} [[01;35m[K-Wformat=[m[K]
  151 |           printf("[YDLIDAR] Thread [0x[01;35m[K%X[m[K] has been canceled\n", [32m[K_handle[m[K);
      |                                       [01;35m[K~^[m[K                        [32m[K~~~~~~~[m[K
      |                                        [01;35m[K|[m[K                        [32m[K|[m[K
      |                                        [01;35m[Kunsigned int[m[K             [32m[K_size_t {aka long unsigned int}[m[K
      |                                       [32m[K%lX[m[K
