-- The C compiler identification is GNU 9.4.0
-- The CXX compiler identification is GNU 9.4.0
-- Check for working C compiler: /usr/bin/cc
-- Check for working C compiler: /usr/bin/cc -- works
-- Detecting C compiler ABI info
-- Detecting C compiler ABI info - done
-- Detecting C compile features
-- Detecting C compile features - done
-- Check for working CXX compiler: /usr/bin/c++
-- Check for working CXX compiler: /usr/bin/c++ -- works
-- Detecting CXX compiler ABI info
-- Detecting CXX compiler ABI info - done
-- Detecting CXX compile features
-- Detecting CXX compile features - done
-- Current platform: Linux
-- Could NOT find SWIG (missing: SWIG_EXECUTABLE SWIG_DIR) 
-- Found PythonInterp: /usr/bin/python (found version "3.8.10") 
-- Found PythonLibs: /usr/lib/aarch64-linux-gnu/libpython3.8.so (found version "3.8.10") 
-- Found GTest: /usr/lib/aarch64-linux-gnu/libgtest.a  
-- build test is ON.....
-- 
-- +===========================================================================+
-- |         Resulting configuration for                             |
-- +===========================================================================+
--  _________________________ PLATFORM _____________________________
--  Host                        : Linux5.10.104-tegraaarch64
--  Is the system big endian?   :  No 
--  Word size (32/64 bit)       : 64
--  CMake version               : 3.16.3
--  CMake generator             : Unix Makefiles
--  CMake build tool            : /usr/bin/make
--  Compiler                    : GNU
--  Configuration               : 
-- 
--  __________________________ OPTIONS _____________________________
--  Build YDLidar-SDK as a shared library?　　 :  No 
--  Build Examples?　　　　　　　　　　　　　　 : Yes 
--  Build C Sharp API?　　　　　　　　　　　　 :  No 
--  Build TEST?  			　　　 : Yes 
-- 
--  _________________________ INSTALL _____________________
--  Install prefix                    : /home/orinnano004/ros2wk1/install/ydlidar_sdk
-- 
--  _______________________ WRAPPERS/BINDINGS ______________________
--  Python bindings (pyydlidar)   :  No 
--   - dep: Swig found?       :  No [Version: ]
--   - dep: PythonLibs found?  : Yes [Version: 3.8.10]
-- 
-- Configuring done
-- Generating done
-- Build files have been written to: /home/orinnano004/ros2wk1/build/ydlidar_sdk
[35m[1mScanning dependencies of target ydlidar_sdk[0m
[  8%] [32mBuilding CXX object CMakeFiles/ydlidar_sdk.dir/core/common/ydlidar_def.cpp.o[0m
[  8%] [32mBuilding CXX object CMakeFiles/ydlidar_sdk.dir/core/network/PassiveSocket.cpp.o[0m
[  8%] [32mBuilding CXX object CMakeFiles/ydlidar_sdk.dir/core/base/timer.cpp.o[0m
[ 10%] [32mBuilding CXX object CMakeFiles/ydlidar_sdk.dir/core/serial/serial.cpp.o[0m
[ 16%] [32mBuilding CXX object CMakeFiles/ydlidar_sdk.dir/core/network/SimpleSocket.cpp.o[0m
[ 16%] [32mBuilding CXX object CMakeFiles/ydlidar_sdk.dir/core/network/ActiveSocket.cpp.o[0m
[ 18%] [32mBuilding C object CMakeFiles/ydlidar_sdk.dir/core/serial/impl/unix/lock.c.o[0m
[ 21%] [32mBuilding CXX object CMakeFiles/ydlidar_sdk.dir/core/serial/impl/unix/list_ports_linux.cpp.o[0m
[ 24%] [32mBuilding CXX object CMakeFiles/ydlidar_sdk.dir/core/serial/impl/unix/unix_serial.cpp.o[0m
[ 27%] [32mBuilding CXX object CMakeFiles/ydlidar_sdk.dir/src/CYdLidar.cpp.o[0m
[ 29%] [32mBuilding CXX object CMakeFiles/ydlidar_sdk.dir/src/ETLidarDriver.cpp.o[0m
[ 32%] [32mBuilding CXX object CMakeFiles/ydlidar_sdk.dir/src/GSLidarDriver.cpp.o[0m
[ 35%] [32mBuilding CXX object CMakeFiles/ydlidar_sdk.dir/src/SDMLidarDriver.cpp.o[0m
[ 37%] [32mBuilding CXX object CMakeFiles/ydlidar_sdk.dir/src/YDlidarDriver.cpp.o[0m
[ 40%] [32mBuilding CXX object CMakeFiles/ydlidar_sdk.dir/src/ydlidar_sdk.cpp.o[0m
[ 43%] [32mBuilding CXX object CMakeFiles/ydlidar_sdk.dir/src/filters/NoiseFilter.cpp.o[0m
[ 45%] [32m[1mLinking CXX static library libydlidar_sdk.a[0m
[ 45%] Built target ydlidar_sdk
[35m[1mScanning dependencies of target tri_test[0m
[35m[1mScanning dependencies of target tof_test[0m
[35m[1mScanning dependencies of target sdm_test[0m
[35m[1mScanning dependencies of target et_test[0m
[35m[1mScanning dependencies of target gs_test[0m
[ 48%] [32mBuilding CXX object samples/CMakeFiles/tri_test.dir/tri_test.cpp.o[0m
[ 51%] [32mBuilding CXX object samples/CMakeFiles/gs_test.dir/gs_test.cpp.o[0m
[35m[1mScanning dependencies of target tri_and_gs_test[0m
[ 54%] [32mBuilding CXX object samples/CMakeFiles/sdm_test.dir/sdm_test.cpp.o[0m
[ 56%] [32mBuilding CXX object samples/CMakeFiles/tof_test.dir/tof_test.cpp.o[0m
[ 59%] [32mBuilding CXX object samples/CMakeFiles/et_test.dir/et_test.cpp.o[0m
[ 62%] [32mBuilding CXX object samples/CMakeFiles/tri_and_gs_test.dir/tri_and_gs_test.cpp.o[0m
[ 64%] [32m[1mLinking CXX executable ../sdm_test[0m
[ 67%] [32m[1mLinking CXX executable ../tri_and_gs_test[0m
[ 70%] [32m[1mLinking CXX executable ../et_test[0m
[ 70%] Built target tri_and_gs_test
[35m[1mScanning dependencies of target tri_restart[0m
[ 70%] Built target sdm_test
[ 70%] Built target et_test
[35m[1mScanning dependencies of target tmini_test[0m
[35m[1mScanning dependencies of target lidar_c_api_test[0m
[ 72%] [32mBuilding CXX object samples/CMakeFiles/tri_restart.dir/tri_restart.cpp.o[0m
[ 75%] [32m[1mLinking CXX executable ../tof_test[0m
[ 78%] [32mBuilding CXX object samples/CMakeFiles/tmini_test.dir/tmini_test.cpp.o[0m
[ 81%] [32mBuilding C object samples/CMakeFiles/lidar_c_api_test.dir/lidar_c_api_test.c.o[0m
[ 83%] [32m[1mLinking CXX executable ../tri_test[0m
[ 86%] [32m[1mLinking CXX executable ../gs_test[0m
[ 89%] [32m[1mLinking CXX executable ../lidar_c_api_test[0m
[ 89%] Built target tof_test
[ 89%] Built target tri_test
[35m[1mScanning dependencies of target lidar_test[0m
[ 91%] [32mBuilding CXX object test/CMakeFiles/lidar_test.dir/lidar_test.cpp.o[0m
[ 91%] Built target gs_test
[ 91%] Built target lidar_c_api_test
[ 94%] [32m[1mLinking CXX executable ../tri_restart[0m
[ 97%] [32m[1mLinking CXX executable ../tmini_test[0m
[ 97%] Built target tri_restart
[ 97%] Built target tmini_test
[100%] [32m[1mLinking CXX executable lidar_test[0m
[100%] Built target lidar_test
-- Install configuration: ""
-- Installing: /home/orinnano004/ros2wk1/install/ydlidar_sdk/include/core/base/datatype.h
-- Installing: /home/orinnano004/ros2wk1/install/ydlidar_sdk/include/core/base/locker.h
-- Installing: /home/orinnano004/ros2wk1/install/ydlidar_sdk/include/core/base/thread.h
-- Installing: /home/orinnano004/ros2wk1/install/ydlidar_sdk/include/core/base/timer.h
-- Installing: /home/orinnano004/ros2wk1/install/ydlidar_sdk/include/core/base/typedef.h
-- Installing: /home/orinnano004/ros2wk1/install/ydlidar_sdk/include/core/base/utils.h
-- Installing: /home/orinnano004/ros2wk1/install/ydlidar_sdk/include/core/base/v8stdint.h
-- Installing: /home/orinnano004/ros2wk1/install/ydlidar_sdk/include/core/base/ydlidar.h
-- Installing: /home/orinnano004/ros2wk1/install/ydlidar_sdk/include/core/common/ChannelDevice.h
-- Installing: /home/orinnano004/ros2wk1/install/ydlidar_sdk/include/core/common/DriverInterface.h
-- Installing: /home/orinnano004/ros2wk1/install/ydlidar_sdk/include/core/common/ydlidar_datatype.h
-- Installing: /home/orinnano004/ros2wk1/install/ydlidar_sdk/include/core/common/ydlidar_def.h
-- Installing: /home/orinnano004/ros2wk1/install/ydlidar_sdk/include/core/common/ydlidar_help.h
-- Installing: /home/orinnano004/ros2wk1/install/ydlidar_sdk/include/core/common/ydlidar_protocol.h
-- Installing: /home/orinnano004/ros2wk1/install/ydlidar_sdk/include/core/math/angles.h
-- Installing: /home/orinnano004/ros2wk1/install/ydlidar_sdk/include/core/network/ActiveSocket.h
-- Installing: /home/orinnano004/ros2wk1/install/ydlidar_sdk/include/core/network/PassiveSocket.h
-- Installing: /home/orinnano004/ros2wk1/install/ydlidar_sdk/include/core/network/SimpleSocket.h
-- Installing: /home/orinnano004/ros2wk1/install/ydlidar_sdk/include/core/network/StatTimer.h
-- Installing: /home/orinnano004/ros2wk1/install/ydlidar_sdk/include/core/serial/common.h
-- Installing: /home/orinnano004/ros2wk1/install/ydlidar_sdk/include/core/serial/serial.h
-- Installing: /home/orinnano004/ros2wk1/install/ydlidar_sdk/include/core/serial/impl/unix/lock.h
-- Installing: /home/orinnano004/ros2wk1/install/ydlidar_sdk/include/core/serial/impl/unix/unix.h
-- Installing: /home/orinnano004/ros2wk1/install/ydlidar_sdk/include/core/serial/impl/unix/unix_serial.h
-- Installing: /home/orinnano004/ros2wk1/install/ydlidar_sdk/include/src/CYdLidar.h
-- Installing: /home/orinnano004/ros2wk1/install/ydlidar_sdk/include/src/ETLidarDriver.h
-- Installing: /home/orinnano004/ros2wk1/install/ydlidar_sdk/include/src/GSLidarDriver.h
-- Installing: /home/orinnano004/ros2wk1/install/ydlidar_sdk/include/src/SDMLidarDriver.h
-- Installing: /home/orinnano004/ros2wk1/install/ydlidar_sdk/include/src/YDlidarDriver.h
-- Installing: /home/orinnano004/ros2wk1/install/ydlidar_sdk/include/src/ydlidar_sdk.h
-- Installing: /home/orinnano004/ros2wk1/install/ydlidar_sdk/include/src/filters/FilterInterface.h
-- Installing: /home/orinnano004/ros2wk1/install/ydlidar_sdk/include/src/filters/NoiseFilter.h
-- Installing: /home/orinnano004/ros2wk1/install/ydlidar_sdk/include/ydlidar_config.h
-- Installing: /home/orinnano004/ros2wk1/install/ydlidar_sdk/lib/libydlidar_sdk.a
-- Installing: /home/orinnano004/ros2wk1/install/ydlidar_sdk/lib/pkgconfig/YDLIDAR_SDK.pc
-- Installing: /home/orinnano004/ros2wk1/install/ydlidar_sdk/lib/cmake/ydlidar_sdk/ydlidar_sdkConfig.cmake
-- Installing: /home/orinnano004/ros2wk1/install/ydlidar_sdk/lib/cmake/ydlidar_sdk/ydlidar_sdkTargets.cmake
-- Installing: /home/orinnano004/ros2wk1/install/ydlidar_sdk/lib/cmake/ydlidar_sdk/ydlidar_sdkConfigVersion.cmake
-- Installing: /home/orinnano004/ros2wk1/install/ydlidar_sdk/share/YDLIDAR_SDK/FindYDLIDAR_SDK.cmake
-- Up-to-date: /home/orinnano004/ros2wk1/install/ydlidar_sdk/share/YDLIDAR_SDK
-- Installing: /home/orinnano004/ros2wk1/install/ydlidar_sdk/share/YDLIDAR_SDK/PackageConfig.cmake.in
-- Installing: /home/orinnano004/ros2wk1/install/ydlidar_sdk/share/YDLIDAR_SDK/cmake_uninstall.cmake.in
-- Installing: /home/orinnano004/ros2wk1/install/ydlidar_sdk/share/YDLIDAR_SDK/PkgConfig.pc.in
-- Installing: /home/orinnano004/ros2wk1/install/ydlidar_sdk/share/YDLIDAR_SDK/PackageConfigVersion.cmake.in
-- Installing: /home/orinnano004/ros2wk1/install/ydlidar_sdk/share/YDLIDAR_SDK/install_package.cmake
-- Installing: /home/orinnano004/ros2wk1/install/ydlidar_sdk/share/YDLIDAR_SDK/common
-- Installing: /home/orinnano004/ros2wk1/install/ydlidar_sdk/share/YDLIDAR_SDK/common/ydlidar_base.cmake
-- Installing: /home/orinnano004/ros2wk1/install/ydlidar_sdk/share/YDLIDAR_SDK/common/ydlidar_parse.cmake
-- Installing: /home/orinnano004/ros2wk1/install/ydlidar_sdk/share/YDLIDAR_SDK/FindPackage.cmake.in
-- Installing: /home/orinnano004/ros2wk1/install/ydlidar_sdk/share/YDLIDAR_SDK/script_show_final_summary.cmake
-- Installing: /home/orinnano004/ros2wk1/install/ydlidar_sdk/share/YDLIDAR_SDK/LICENSE.txt
-- Installing: /home/orinnano004/ros2wk1/install/ydlidar_sdk/share/YDLIDAR_SDK/README.md
-- Installing: /home/orinnano004/ros2wk1/install/ydlidar_sdk/share/YDLIDAR_SDK/doc
-- Installing: /home/orinnano004/ros2wk1/install/ydlidar_sdk/share/YDLIDAR_SDK/doc/README.md
-- Installing: /home/orinnano004/ros2wk1/install/ydlidar_sdk/share/YDLIDAR_SDK/doc/tutorials
-- Installing: /home/orinnano004/ros2wk1/install/ydlidar_sdk/share/YDLIDAR_SDK/doc/tutorials/writing_lidar_tutorial_c.md
-- Installing: /home/orinnano004/ros2wk1/install/ydlidar_sdk/share/YDLIDAR_SDK/doc/tutorials/writing_lidar_network_adapter_tutorial_c++.md
-- Installing: /home/orinnano004/ros2wk1/install/ydlidar_sdk/share/YDLIDAR_SDK/doc/tutorials/writing_lidar_tutorial_c++.md
-- Installing: /home/orinnano004/ros2wk1/install/ydlidar_sdk/share/YDLIDAR_SDK/doc/tutorials/writing_lidar_tutorial_python.md
-- Installing: /home/orinnano004/ros2wk1/install/ydlidar_sdk/share/YDLIDAR_SDK/doc/tutorials/examine_the_simple_lidar_tutorial.md
-- Installing: /home/orinnano004/ros2wk1/install/ydlidar_sdk/share/YDLIDAR_SDK/doc/howto
-- Installing: /home/orinnano004/ros2wk1/install/ydlidar_sdk/share/YDLIDAR_SDK/doc/howto/README.md
-- Installing: /home/orinnano004/ros2wk1/install/ydlidar_sdk/share/YDLIDAR_SDK/doc/howto/how_to_create_a_udev_rules.md
-- Installing: /home/orinnano004/ros2wk1/install/ydlidar_sdk/share/YDLIDAR_SDK/doc/howto/how_to_build_and_install.md
-- Installing: /home/orinnano004/ros2wk1/install/ydlidar_sdk/share/YDLIDAR_SDK/doc/howto/how_to_create_a_pull.md
-- Installing: /home/orinnano004/ros2wk1/install/ydlidar_sdk/share/YDLIDAR_SDK/doc/howto/images
-- Installing: /home/orinnano004/ros2wk1/install/ydlidar_sdk/share/YDLIDAR_SDK/doc/howto/images/csharp_build.png
-- Installing: /home/orinnano004/ros2wk1/install/ydlidar_sdk/share/YDLIDAR_SDK/doc/howto/images/cpack.png
-- Installing: /home/orinnano004/ros2wk1/install/ydlidar_sdk/share/YDLIDAR_SDK/doc/howto/images/csharp_project.png
-- Installing: /home/orinnano004/ros2wk1/install/ydlidar_sdk/share/YDLIDAR_SDK/doc/howto/images/sdk_scanning.png
-- Installing: /home/orinnano004/ros2wk1/install/ydlidar_sdk/share/YDLIDAR_SDK/doc/howto/images/csharp_exception.png
-- Installing: /home/orinnano004/ros2wk1/install/ydlidar_sdk/share/YDLIDAR_SDK/doc/howto/images/ttyUSB0.png
-- Installing: /home/orinnano004/ros2wk1/install/ydlidar_sdk/share/YDLIDAR_SDK/doc/howto/images/csharp_library.png
-- Installing: /home/orinnano004/ros2wk1/install/ydlidar_sdk/share/YDLIDAR_SDK/doc/howto/images/ttyUSB1.png
-- Installing: /home/orinnano004/ros2wk1/install/ydlidar_sdk/share/YDLIDAR_SDK/doc/howto/images/csharp_running.png
-- Installing: /home/orinnano004/ros2wk1/install/ydlidar_sdk/share/YDLIDAR_SDK/doc/howto/images/ydlidar_lidar_monitor.png
-- Installing: /home/orinnano004/ros2wk1/install/ydlidar_sdk/share/YDLIDAR_SDK/doc/howto/images/vscode
-- Installing: /home/orinnano004/ros2wk1/install/ydlidar_sdk/share/YDLIDAR_SDK/doc/howto/images/vscode/run_tasks.jpg
-- Installing: /home/orinnano004/ros2wk1/install/ydlidar_sdk/share/YDLIDAR_SDK/doc/howto/images/vscode/tasks.png
-- Installing: /home/orinnano004/ros2wk1/install/ydlidar_sdk/share/YDLIDAR_SDK/doc/howto/images/sdk_init.png
-- Installing: /home/orinnano004/ros2wk1/install/ydlidar_sdk/share/YDLIDAR_SDK/doc/howto/images/sequence.png
-- Installing: /home/orinnano004/ros2wk1/install/ydlidar_sdk/share/YDLIDAR_SDK/doc/howto/how_to_create_a_csharp_project.md
-- Installing: /home/orinnano004/ros2wk1/install/ydlidar_sdk/share/YDLIDAR_SDK/doc/howto/how_to_build_and_debug_using_vscode.md
-- Installing: /home/orinnano004/ros2wk1/install/ydlidar_sdk/share/YDLIDAR_SDK/doc/howto/how_to_gerenrate_vs_project_by_cmake.md
-- Installing: /home/orinnano004/ros2wk1/install/ydlidar_sdk/share/YDLIDAR_SDK/doc/howto/how_to_solve_slow_pull_from_cn.md
-- Installing: /home/orinnano004/ros2wk1/install/ydlidar_sdk/share/YDLIDAR_SDK/doc/YDLIDAR_SDK_API_for_Developers.md
-- Installing: /home/orinnano004/ros2wk1/install/ydlidar_sdk/share/YDLIDAR_SDK/doc/images
-- Installing: /home/orinnano004/ros2wk1/install/ydlidar_sdk/share/YDLIDAR_SDK/doc/images/YDLidar.jpg
-- Installing: /home/orinnano004/ros2wk1/install/ydlidar_sdk/share/YDLIDAR_SDK/doc/images/communication_mechanism.png
-- Installing: /home/orinnano004/ros2wk1/install/ydlidar_sdk/share/YDLIDAR_SDK/doc/images/sdk_scanning.png
-- Installing: /home/orinnano004/ros2wk1/install/ydlidar_sdk/share/YDLIDAR_SDK/doc/images/FlowChart.png
-- Installing: /home/orinnano004/ros2wk1/install/ydlidar_sdk/share/YDLIDAR_SDK/doc/images/EAI.png
-- Installing: /home/orinnano004/ros2wk1/install/ydlidar_sdk/share/YDLIDAR_SDK/doc/images/angle_q2.png
-- Installing: /home/orinnano004/ros2wk1/install/ydlidar_sdk/share/YDLIDAR_SDK/doc/images/YDLidar.png
-- Installing: /home/orinnano004/ros2wk1/install/ydlidar_sdk/share/YDLIDAR_SDK/doc/images/system_workflow.png
-- Installing: /home/orinnano004/ros2wk1/install/ydlidar_sdk/share/YDLIDAR_SDK/doc/images/sdk_init.png
-- Installing: /home/orinnano004/ros2wk1/install/ydlidar_sdk/share/YDLIDAR_SDK/doc/images/sequence.png
-- Installing: /home/orinnano004/ros2wk1/install/ydlidar_sdk/share/YDLIDAR_SDK/doc/images/frame_intensity.png
-- Installing: /home/orinnano004/ros2wk1/install/ydlidar_sdk/share/YDLIDAR_SDK/doc/images/sdk_architecture.png
-- Installing: /home/orinnano004/ros2wk1/install/ydlidar_sdk/share/YDLIDAR_SDK/doc/images/frame.png
-- Installing: /home/orinnano004/ros2wk1/install/ydlidar_sdk/share/YDLIDAR_SDK/doc/quickstart
-- Installing: /home/orinnano004/ros2wk1/install/ydlidar_sdk/share/YDLIDAR_SDK/doc/quickstart/README.md
-- Installing: /home/orinnano004/ros2wk1/install/ydlidar_sdk/share/YDLIDAR_SDK/doc/quickstart/ydlidar_sdk_software_installation_guide.md
-- Installing: /home/orinnano004/ros2wk1/install/ydlidar_sdk/share/YDLIDAR_SDK/doc/Tutorials.md
-- Installing: /home/orinnano004/ros2wk1/install/ydlidar_sdk/share/YDLIDAR_SDK/doc/YDLidar_SDK_Communication_Protocol.pdf
-- Installing: /home/orinnano004/ros2wk1/install/ydlidar_sdk/share/YDLIDAR_SDK/doc/YDLidar-SDK-Communication-Protocol.pdf
-- Installing: /home/orinnano004/ros2wk1/install/ydlidar_sdk/share/YDLIDAR_SDK/doc/FAQs
-- Installing: /home/orinnano004/ros2wk1/install/ydlidar_sdk/share/YDLIDAR_SDK/doc/FAQs/Software_FAQs_cn.md
-- Installing: /home/orinnano004/ros2wk1/install/ydlidar_sdk/share/YDLIDAR_SDK/doc/FAQs/README.md
-- Installing: /home/orinnano004/ros2wk1/install/ydlidar_sdk/share/YDLIDAR_SDK/doc/FAQs/General_FAQs.md
-- Installing: /home/orinnano004/ros2wk1/install/ydlidar_sdk/share/YDLIDAR_SDK/doc/FAQs/Software_FAQs.md
-- Installing: /home/orinnano004/ros2wk1/install/ydlidar_sdk/share/YDLIDAR_SDK/doc/FAQs/Hardware_FAQs.md
-- Installing: /home/orinnano004/ros2wk1/install/ydlidar_sdk/share/YDLIDAR_SDK/doc/FAQs/Hardware_FAQs_cn.md
-- Installing: /home/orinnano004/ros2wk1/install/ydlidar_sdk/share/YDLIDAR_SDK/doc/FAQs/General_FAQs_cn.md
-- Installing: /home/orinnano004/ros2wk1/install/ydlidar_sdk/share/YDLIDAR_SDK/doc/YDLidar-SDK-Communication-Protocol.html
-- Installing: /home/orinnano004/ros2wk1/install/ydlidar_sdk/share/YDLIDAR_SDK/doc/Dataset.md
-- Installing: /home/orinnano004/ros2wk1/install/ydlidar_sdk/share/YDLIDAR_SDK/doc/SDK.pdf
-- Installing: /home/orinnano004/ros2wk1/install/ydlidar_sdk/share/YDLIDAR_SDK/doc/Diagram.md
-- Installing: /home/orinnano004/ros2wk1/install/ydlidar_sdk/share/YDLIDAR_SDK/doc/YDLidar-SDK-Communication-Protocol.md
-- Installing: /home/orinnano004/ros2wk1/install/ydlidar_sdk/startup/initenv.sh
-- Installing: /home/orinnano004/ros2wk1/install/ydlidar_sdk/bin/et_test
-- Installing: /home/orinnano004/ros2wk1/install/ydlidar_sdk/bin/gs_test
-- Installing: /home/orinnano004/ros2wk1/install/ydlidar_sdk/bin/sdm_test
-- Installing: /home/orinnano004/ros2wk1/install/ydlidar_sdk/bin/tmini_test
-- Installing: /home/orinnano004/ros2wk1/install/ydlidar_sdk/bin/tof_test
-- Installing: /home/orinnano004/ros2wk1/install/ydlidar_sdk/bin/tri_and_gs_test
-- Installing: /home/orinnano004/ros2wk1/install/ydlidar_sdk/bin/tri_restart
-- Installing: /home/orinnano004/ros2wk1/install/ydlidar_sdk/bin/tri_test
-- Installing: /home/orinnano004/ros2wk1/install/ydlidar_sdk/bin/lidar_c_api_test
